<?xml version="1.0" encoding="UTF-8" ?>
<testsuite tests="3" failures="3" name="test.java.TestLogPeriodicTableFunction" time="0.568" errors="0" skipped="0">
  <properties>
[...]
</properties>
  <testcase classname="test.java.TestLogPeriodicTableFunction" name="testNeg_1" time="0.007">
    <failure message="Expected exception: java.lang.ArrayIndexOutOfBoundsException" type="java.lang.AssertionError">java.lang.AssertionError: Expected exception: java.lang.ArrayIndexOutOfBoundsException
	at org.junit.internal.runners.statements.ExpectException.evaluate(ExpectException.java:32)
	at org.junit.runners.ParentRunner.runLeaf(ParentRunner.java:325)
	at org.junit.runners.BlockJUnit4ClassRunner.runChild(BlockJUnit4ClassRunner.java:78)
	at org.junit.runners.BlockJUnit4ClassRunner.runChild(BlockJUnit4ClassRunner.java:57)
	at org.junit.runners.ParentRunner$3.run(ParentRunner.java:290)
	at org.junit.runners.ParentRunner$1.schedule(ParentRunner.java:71)
	at org.junit.runners.ParentRunner.runChildren(ParentRunner.java:288)
	at org.junit.runners.ParentRunner.access$000(ParentRunner.java:58)
	at org.junit.runners.ParentRunner$2.evaluate(ParentRunner.java:268)
	at org.junit.runners.ParentRunner.run(ParentRunner.java:363)
	at org.apache.maven.surefire.junit4.JUnit4Provider.execute(JUnit4Provider.java:252)
	at org.apache.maven.surefire.junit4.JUnit4Provider.executeTestSet(JUnit4Provider.java:141)
	at org.apache.maven.surefire.junit4.JUnit4Provider.invoke(JUnit4Provider.java:112)
	at sun.reflect.NativeMethodAccessorImpl.invoke0(Native Method)
	at sun.reflect.NativeMethodAccessorImpl.invoke(NativeMethodAccessorImpl.java:62)
	at sun.reflect.DelegatingMethodAccessorImpl.invoke(DelegatingMethodAccessorImpl.java:43)
	at java.lang.reflect.Method.invoke(Method.java:498)
	at org.apache.maven.surefire.util.ReflectionUtils.invokeMethodWithArray(ReflectionUtils.java:189)
	at org.apache.maven.surefire.booter.ProviderFactory$ProviderProxy.invoke(ProviderFactory.java:165)
	at org.apache.maven.surefire.booter.ProviderFactory.invokeProvider(ProviderFactory.java:85)
	at org.apache.maven.surefire.booter.ForkedBooter.runSuitesInProcess(ForkedBooter.java:115)
	at org.apache.maven.surefire.booter.ForkedBooter.main(ForkedBooter.java:75)
</failure>
    <system-out>2463 [main] DEBUG main.java.Provider  - &quot;Gahn  Scheele&quot; |
2468 [main] DEBUG main.java.Provider  - &quot;Noddack  Berg  and Tacke&quot; |
2470 [main] DEBUG main.java.Provider  - &quot;GSI  Darmstadt  West Germany&quot; |
</system-out>
    <system-err>java.lang.NullPointerException
	at main.java.Provider.createPeriodicElementFactory(Provider.java:99)
	at main.java.Provider.logPeriodicTable(Provider.java:181)
	at test.java.TestLogPeriodicTableFunction.testNeg_1(TestLogPeriodicTableFunction.java:45)
	at sun.reflect.NativeMethodAccessorImpl.invoke0(Native Method)
	at sun.reflect.NativeMethodAccessorImpl.invoke(NativeMethodAccessorImpl.java:62)
	at sun.reflect.DelegatingMethodAccessorImpl.invoke(DelegatingMethodAccessorImpl.java:43)
	at java.lang.reflect.Method.invoke(Method.java:498)
	at org.junit.runners.model.FrameworkMethod$1.runReflectiveCall(FrameworkMethod.java:50)
	at org.junit.internal.runners.model.ReflectiveCallable.run(ReflectiveCallable.java:12)
	at org.junit.runners.model.FrameworkMethod.invokeExplosively(FrameworkMethod.java:47)
	at org.junit.internal.runners.statements.InvokeMethod.evaluate(InvokeMethod.java:17)
	at org.junit.internal.runners.statements.ExpectException.evaluate(ExpectException.java:19)
	at org.junit.runners.ParentRunner.runLeaf(ParentRunner.java:325)
	at org.junit.runners.BlockJUnit4ClassRunner.runChild(BlockJUnit4ClassRunner.java:78)
	at org.junit.runners.BlockJUnit4ClassRunner.runChild(BlockJUnit4ClassRunner.java:57)
	at org.junit.runners.ParentRunner$3.run(ParentRunner.java:290)
	at org.junit.runners.ParentRunner$1.schedule(ParentRunner.java:71)
	at org.junit.runners.ParentRunner.runChildren(ParentRunner.java:288)
	at org.junit.runners.ParentRunner.access$000(ParentRunner.java:58)
	at org.junit.runners.ParentRunner$2.evaluate(ParentRunner.java:268)
	at org.junit.runners.ParentRunner.run(ParentRunner.java:363)
	at org.apache.maven.surefire.junit4.JUnit4Provider.execute(JUnit4Provider.java:252)
	at org.apache.maven.surefire.junit4.JUnit4Provider.executeTestSet(JUnit4Provider.java:141)
	at org.apache.maven.surefire.junit4.JUnit4Provider.invoke(JUnit4Provider.java:112)
	at sun.reflect.NativeMethodAccessorImpl.invoke0(Native Method)
	at sun.reflect.NativeMethodAccessorImpl.invoke(NativeMethodAccessorImpl.java:62)
	at sun.reflect.DelegatingMethodAccessorImpl.invoke(DelegatingMethodAccessorImpl.java:43)
	at java.lang.reflect.Method.invoke(Method.java:498)
	at org.apache.maven.surefire.util.ReflectionUtils.invokeMethodWithArray(ReflectionUtils.java:189)
	at org.apache.maven.surefire.booter.ProviderFactory$ProviderProxy.invoke(ProviderFactory.java:165)
	at org.apache.maven.surefire.booter.ProviderFactory.invokeProvider(ProviderFactory.java:85)
	at org.apache.maven.surefire.booter.ForkedBooter.runSuitesInProcess(ForkedBooter.java:115)
	at org.apache.maven.surefire.booter.ForkedBooter.main(ForkedBooter.java:75)
</system-err>
  </testcase>
  <testcase classname="test.java.TestLogPeriodicTableFunction" name="testPos_1" time="0.549">
    <failure message="expected:&lt;null&gt; but was:&lt;Atomic Number|Element|Symbol|Atomic Weight|Period|Group|Phase|Most Stable Crystal|Type|Ionic Radius|Atomic Radius|Electronegativity|First Ionization Potential|Density|Melting Point (K)|Boiling Point (K)|Isotopes|Discoverer|Year of Discovery|Specific Heat Capacity|Electron Configuration|Display Row|Display Column
1|Hydrogen|H|1.00794|1|1|gas||Nonmetal|0.012|0.79|2.2|13.5984|0.00008988|14.175|20.28|3|Cavendish|1766|14.304|1s1|1|1
2|Helium|He|4.002602|1|18|gas||Noble Gas||0.49||24.5874|0.0001785||4.22|5|Janssen|1868|5.193|1s2|1|18
3|Lithium|Li|6.941|2|1|solid|bcc|Alkali Metal|0.76|2.1|0.98|5.3917|0.534|453.85|1615|5|Arfvedson|1817|3.582|[He] 2s1|2|1
4|Beryllium|Be|9.012182|2|2|solid|hex|Alkaline Earth Metal|0.35|1.4|1.57|9.3227|1.85|1560.15|2742|6|Vaulquelin|1798|1.825|[He] 2s2|2|2
5|Boron|B|10.811|2|13|solid|rho|Metalloid|0.23|1.2|2.04|8.298|2.34|2573.15|4200|6|Gay-Lussac|1808|1.026|[He] 2s2 2p1|2|13
6|Carbon|C|12.0107|2|14|solid|hex|Nonmetal||0.91|2.55|11.2603|2.267|3948.15|4300|7|Prehistoric||0.709|[He] 2s2 2p2|2|14
7|Nitrogen|N|14.0067|2|15|gas||Nonmetal|0.13|0.75|3.04|14.5341|0.0012506|63.29|77.36|8|Rutherford|1772|1.04|[He] 2s2 2p3|2|15
8|Oxygen|O|15.9994|2|16|gas||Nonmetal|1.4|0.65|3.44|13.6181|0.001429|50.5|90.2|8|Priestley/Scheele|1774|0.918|[He] 2s2 2p4|2|16
9|Fluorine|F|18.9984032|2|17|gas||Halogen|1.3|0.57|3.98|17.4228|0.001696|53.63|85.03|6|Moissan|1886|0.824|[He] 2s2 2p5|2|17
10|Neon|Ne|20.1797|2|18|gas||Noble Gas||0.51||21.5645|0.0008999|24.703|27.07|8|Ramsay and Travers|1898|1.03|[He] 2s2 2p6|2|18
11|Sodium|Na|22.98976928|3|1|solid|bcc|Alkali Metal|1|2.2|0.93|5.1391|0.971|371.15|1156|7|Davy|1807|1.228|[Ne] 3s1|3|1
12|Magnesium|Mg|24.305|3|2|solid|hex|Alkaline Earth Metal|0.72|1.7|1.31|7.6462|1.738|923.15|1363|8|Black|1755|1.023|[Ne] 3s2|3|2
13|Aluminum|Al|26.9815386|3|13|solid|fcc|Metal|0.54|1.8|1.61|5.9858|2.698|933.4|2792|8|Wšhler|1827|0.897|[Ne] 3s2 3p1|3|13
14|Silicon|Si|28.0855|3|14|solid|fcc|Metalloid|0.4|1.5|1.9|8.1517|2.3296|1683.15|3538|8|Berzelius|1824|0.705|[Ne] 3s2 3p2|3|14
15|Phosphorus|P|30.973762|3|15|solid|cub|Nonmetal|0.38|1.2|2.19|10.4867|1.82|317.25|553|7|BranBrand|1669|0.769|[Ne] 3s2 3p3|3|15
16|Sulfur|S|32.065|3|16|solid|orth|Nonmetal|0.37|1.1|2.58|10.36|2.067|388.51|717.8|10|Prehistoric||0.71|[Ne] 3s2 3p4|3|16
17|Chlorine|Cl|35.453|3|17|gas||Halogen|1.8|0.97|3.16|12.9676|0.003214|172.31|239.11|11|Scheele|1774|0.479|[Ne] 3s2 3p5|3|17
18|Argon|Ar|39.948|3|18|gas||Noble Gas||0.88||15.7596|0.0017837|83.96|87.3|8|Rayleigh and Ramsay|1894|0.52|[Ne] 3s2 3p6|3|18
19|Potassium|K|39.0983|4|1|solid|bcc|Alkali Metal|1.4|2.8|0.82|4.3407|0.862|336.5|1032|10|Davy|1807|0.757|[Ar] 4s1|4|1
20|Calcium|Ca|40.078|4|2|solid|fcc|Alkaline Earth Metal|0.99|2.2|1|6.1132|1.54|1112.15|1757|14|Davy|1808|0.647|[Ar] 4s2|4|2
21|Scandium|Sc|44.955912|4|3|solid|hex|Transition Metal|0.75|2.1|1.36|6.5615|2.989|1812.15|3109|15|Nilson|1878|0.568|[Ar] 3d1 4s2|4|3
22|Titanium|Ti|47.867|4|4|solid|hex|Transition Metal|0.61|2|1.54|6.8281|4.54|1933.15|3560|9|Gregor|1791|0.523|[Ar] 3d2 4s2|4|4
23|Vanadium|V|50.9415|4|5|solid|bcc|Transition Metal|0.59|1.9|1.63|6.7462|6.11|2175.15|3680|9|   del Rio|1801|0.489|[Ar] 3d3 4s2|4|5
24|Chromium|Cr|51.9961|4|6|solid|bcc|Transition Metal|0.52|1.9|1.66|6.7665|7.15|2130.15|2944|9|Vauquelin|1797|0.449|[Ar] 3d5 4s1|4|6
25|Manganese|Mn|54.938045|4|7|solid|bcc|Transition Metal|0.46|1.8|1.55|7.434|7.44|1519.15|2334|11|&quot;Gahn  Scheele&quot; |1774|0.479|[Ar] 3d5 4s2|4|7
26|Iron|Fe|55.845|4|8|solid|bcc|Transition Metal|0.65|1.7|1.83|7.9024|7.874|1808.15|3134|10|Prehistoric||0.449|[Ar] 3d6 4s2|4|8
27|Cobalt|Co|58.933195|4|9|solid|hex|Transition Metal|0.75|1.7|1.88|7.881|8.86|1768.15|3200|14|Brandt|1735|0.421|[Ar] 3d7 4s2|4|9
28|Nickel|Ni|58.6934|4|10|solid|fcc|Transition Metal|0.69|1.6|1.91|7.6398|8.912|1726.15|3186|11|Cronstedt|1751|0.444|[Ar] 3d8 4s2|4|10
29|Copper|Cu|63.546|4|11|solid|fcc|Transition Metal|0.73|1.6|1.9|7.7264|8.96|1357.75|2835|11|Prehistoric||0.385|[Ar] 3d10 4s1|4|11
30|Zinc|Zn|65.38|4|12|solid|hex|Transition Metal|0.74|1.5|1.65|9.3942|7.134|692.88|1180|15|Prehistoric||0.388|[Ar] 3d10 4s2|4|12
31|Gallium|Ga|69.723|4|13|solid|orth|Metal|0.62|1.8|1.81|5.9993|5.907|302.91|2477|14|de Boisbaudran|1875|0.371|[Ar] 3d10 4s2 4p1|4|13
32|Germanium|Ge|72.64|4|14|solid|fcc|Metalloid|0.53|1.5|2.01|7.8994|5.323|1211.45|3106|17|Winkler|1886|0.32|[Ar] 3d10 4s2 4p2|4|14
33|Arsenic|As|74.9216|4|15|solid|rho|Metalloid|0.58|1.3|2.18|9.7886|5.776|1090.15|887|14|Albertus Magnus|1250|0.329|[Ar] 3d10 4s2 4p3|4|15
34|Selenium|Se|78.96|4|16|solid|hex|Nonmetal|0.5|1.2|2.55|9.7524|4.809|494.15|958|20|Berzelius|1817|0.321|[Ar] 3d10 4s2 4p4|4|16
35|Bromine|Br|79.904|4|17|liq||Halogen|2|1.1|2.96|11.8138|3.122|266.05|332|19|Balard|1826|0.474|[Ar] 3d10 4s2 4p5|4|17
36|Krypton|Kr|83.798|4|18|gas||Noble Gas||1||13.9996|0.003733|115.93|119.93|23|Ramsay and Travers|1898|0.248|[Ar] 3d10 4s2 4p6|4|18
37|Rubidium|Rb|85.4678|5|1|solid|bcc|Alkali Metal|1.5|3|0.82|4.1771|1.532|312.79|961|20|Bunsen and Kirchoff|1861|0.363|[Kr] 5s1|5|1
38|Strontium|Sr|87.62|5|2|solid|fcc|Alkaline Earth Metal|1.1|2.5|0.95|5.6949|2.64|1042.15|1655|18|Davy|1808|0.301|[Kr] 5s2|5|2
39|Yttrium|Y|88.90585|5|3|solid|hex|Transition Metal|0.9|2.3|1.22|6.2173|4.469|1799.15|3609|21|Gadolin|1794|0.298|[Kr] 4d1 5s2|5|3
40|Zirconium|Zr|91.224|5|4|solid|hex|Transition Metal|0.72|2.2|1.33|6.6339|6.506|2125.15|4682|20|Klaproth|1789|0.278|[Kr] 4d2 5s2|5|4
41|Niobium|Nb|92.90638|5|5|solid|bcc|Transition Metal|0.69|2.1|1.6|6.7589|8.57|2741.15|5017|24|Hatchett|1801|0.265|[Kr] 4d4 5s1|5|5
42|Molybdenum|Mo|95.96|5|6|solid|bcc|Transition Metal|0.65|2|2.16|7.0924|10.22|2890.15|4912|20|Scheele|1778|0.251|[Kr] 4d5 5s1|5|6
43|Technetium|Tc|98|5|7|artificial|hex|Transition Metal|0.56|2|1.9|7.28|11.5|2473.15|5150|23|Perrier and SegrŽ|1937||[Kr] 4d5 5s2|5|7
44|Ruthenium|Ru|101.07|5|8|solid|hex|Transition Metal|0.68|1.9|2.2|7.3605|12.37|2523.15|4423|16|Klaus|1844|0.238|[Kr] 4d7 5s1|5|8
45|Rhodium|Rh|102.9055|5|9|solid|fcc|Transition Metal|0.68|1.8|2.28|7.4589|12.41|2239.15|3968|20|Wollaston|1803|0.243|[Kr] 4d8 5s1|5|9
46|Palladium|Pd|106.42|5|10|solid|fcc|Transition Metal|0.86|1.8|2.2|8.3369|12.02|1825.15|3236|21|Wollaston|1803|0.244|[Kr] 4d10|5|10
47|Silver|Ag|107.8682|5|11|solid|fcc|Transition Metal|1.3|1.8|1.93|7.5762|10.501|1234.15|2435|27|Prehistoric||0.235|[Kr] 4d10 5s1|5|11
48|Cadmium|Cd|112.411|5|12|solid|hex|Transition Metal|0.97|1.7|1.69|8.9938|8.69|594.33|1040|22|Stromeyer|1817|0.232|[Kr] 4d10 5s2|5|12
49|Indium|In|114.818|5|13|solid|tet|Metal|0.8|2|1.78|5.7864|7.31|429.91|2345|34|Reich and Richter|1863|0.233|[Kr] 4d10 5s2 5p1|5|13
50|Tin|Sn|118.71|5|14|solid|tet|Metal|0.69|1.7|1.96|7.3439|7.287|505.21|2875|28|Prehistoric||0.228|[Kr] 4d10 5s2 5p2|5|14
51|Antimony|Sb|121.76|5|15|solid|rho|Metalloid|0.76|1.5|2.05|8.6084|6.685|904.05|1860|29|Early historic times||0.207|[Kr] 4d10 5s2 5p3|5|15
52|Tellurium|Te|127.6|5|16|solid|hex|Metalloid|0.97|1.4|2.1|9.0096|6.232|722.8|1261|29|von Reichenstein|1782|0.202|[Kr] 4d10 5s2 5p4|5|16
53|Iodine|I|126.90447|5|17|solid|orth|Halogen|2.2|1.3|2.66|10.4513|4.93|386.65|457.4|24|Courtois|1811|0.214|[Kr] 4d10 5s2 5p5|5|17
54|Xenon|Xe|131.293|5|18|gas|gas|Noble Gas||1.2||12.1298|0.005887|161.45|165.03|31|Ramsay and Travers|1898|0.158|[Kr] 4d10 5s2 5p6|5|18
55|Cesium|Cs|132.9054519|6|1|solid||Alkali Metal|1.7|3.3|0.79|3.8939|1.873|301.7|944|22|Bunsen and Kirchoff|1860|0.242|[Xe] 6s1|6|1
56|Barium|Ba|137.327|6|2|solid|bcc|Alkaline Earth Metal|1.4|2.8|0.89|5.2117|3.594|1002.15|2170|25|Davy|1808|0.204|[Xe] 6s2|6|2
57|Lanthanum|La|138.90547|6|3|solid|hex|Lanthanide|1.1|2.7|1.1|5.5769|6.145|1193.15|3737|19|Mosander|1839|0.195|[Xe] 5d1 6s2|8|3
58|Cerium|Ce|140.116|6|19|solid|fcc|Lanthanide|1|2.7|1.12|5.5387|6.77|1071.15|3716|19|Berzelius|1803|0.192|[Xe] 4f1 5d1 6s2|8|4
59|Praseodymium|Pr|140.90765|6|20|solid|hex|Lanthanide|1|2.7|1.13|5.473|6.773|1204.15|3793|15|von Welsbach|1885|0.193|[Xe] 4f3 6s2|8|5
60|Neodymium|Nd|144.242|6|21|solid|hex|Lanthanide|1|2.6|1.14|5.525|7.007|1289.15|3347|16|von Welsbach|1885|0.19|[Xe] 4f4 6s2|8|6
61|Promethium|Pm|145|6|22|artificial|hex|Lanthanide|0.98|2.6|1.13|5.582|7.26|1204.15|3273|14|Marinsky et al.|1945||[Xe] 4f5 6s2|8|7
62|Samarium|Sm|150.36|6|23|solid|hex|Lanthanide|0.96|2.6|1.17|5.6437|7.52|1345.15|2067|17|Boisbaudran|1879|0.197|[Xe] 4f6 6s2|8|8
63|Europium|Eu|151.964|6|24|solid|bcc|Lanthanide|0.95|2.6|1.2|5.6704|5.243|1095.15|1802|21|Demarcay|1901|0.182|[Xe] 4f7 6s2|8|9
64|Gadolinium|Gd|157.25|6|25|solid|hex|Lanthanide|0.94|2.5|1.2|6.1501|7.895|1585.15|3546|17|de Marignac|1880|0.236|[Xe] 4f7 5d1 6s2|8|10
65|Terbium|Tb|158.92535|6|26|solid|hex|Lanthanide|0.92|2.5|1.2|5.8638|8.229|1630.15|3503|24|Mosander|1843|0.182|[Xe] 4f9 6s2|8|11
66|Dysprosium|Dy|162.5|6|27|solid|hex|Lanthanide|0.91|2.5|1.22|5.9389|8.55|1680.15|2840|21|de Boisbaudran|1886|0.17|[Xe] 4f10 6s2|8|12
67|Holmium|Ho|164.93032|6|28|solid|hex|Lanthanide|0.9|2.5|1.23|6.0215|8.795|1743.15|2993|29|Delafontaine and Soret|1878|0.165|[Xe] 4f11 6s2|8|13
68|Erbium|Er|167.259|6|29|solid|hex|Lanthanide|0.88|2.5|1.24|6.1077|9.066|1795.15|3503|16|Mosander|1843|0.168|[Xe] 4f12 6s2|8|14
69|Thulium|Tm|168.93421|6|30|solid|hex|Lanthanide|0.87|2.4|1.25|6.1843|9.321|1818.15|2223|18|Cleve|1879|0.16|[Xe] 4f13 6s2|8|15
70|Ytterbium|Yb|173.054|6|31|solid|fcc|Lanthanide|0.86|2.4|1.1|6.2542|6.965|1097.15|1469|16|Marignac|1878|0.155|[Xe] 4f14 6s2|8|16
71|Lutetium|Lu|174.9668|6|32|solid|hex|Lanthanide|0.85|2.3|1.27|5.4259|9.84|1936.15|3675|22|Urbain/ von Welsbach|1907|0.154|[Xe] 4f14 5d1 6s2|8|17
72|Hafnium|Hf|178.49|6|4|solid|hex|Transition Metal|0.71|2.2|1.3|6.8251|13.31|2500.15|4876|17|Coster and von Hevesy|1923|0.144|[Xe] 4f14 5d2 6s2|6|4
73|Tantalum|Ta|180.94788|6|5|solid|bcc|Transition Metal|0.64|2.1|1.5|7.5496|16.654|3269.15|5731|19|Ekeberg|1801|0.14|[Xe] 4f14 5d3 6s2|6|5
74|Wolfram|W|183.84|6|6|solid|bcc|Transition Metal|0.62|2|2.36|7.864|19.25|3680.15|5828|22|J. and F. d&apos;Elhuyar|1783|0.132|[Xe] 4f14 5d4 6s2|6|6
75|Rhenium|Re|186.207|6|7|solid|hex|Transition Metal|0.56|2|1.9|7.8335|21.02|3453.15|5869|21|&quot;Noddack  Berg  and Tacke&quot; |1925|0.137|[Xe] 4f14 5d5 6s2|6|7
76|Osmium|Os|190.23|6|8|solid|hex|Transition Metal|0.63|1.9|2.2|8.4382|22.61|3300.15|5285|19|Tennant|1803|0.13|[Xe] 4f14 5d6 6s2|6|8
77|Iridium|Ir|192.217|6|9|solid|fcc|Transition Metal|0.63|1.9|2.2|8.967|22.56|2716.15|4701|25|Tennant|1804|0.131|[Xe] 4f14 5d7 6s2|6|9
78|Platinum|Pt|195.084|6|10|solid|fcc|Transition Metal|0.63|1.8|2.28|8.9587|21.46|2045.15|4098|32|Ulloa/Wood|1735|0.133|[Xe] 4f14 5d9 6s1|6|10
79|Gold|Au|196.966569|6|11|solid|fcc|Transition Metal|0.85|1.8|2.54|9.2255|19.282|1337.73|3129|21|Prehistoric||0.129|[Xe] 4f14 5d10 6s1|6|11
80|Mercury|Hg|200.59|6|12|liq||Transition Metal|1|1.8|2|10.4375|13.5336|234.43|630|26|Prehistoric||0.14|[Xe] 4f14 5d10 6s2|6|12
81|Thallium|Tl|204.3833|6|13|solid|hex|Metal|1.5|2.1|2.04|6.1082|11.85|577.15|1746|28|Crookes|1861|0.129|[Xe] 4f14 5d10 6s2 6p1|6|13
82|Lead|Pb|207.2|6|14|solid|fcc|Metal|1.2|1.8|2.33|7.4167|11.342|600.75|2022|29|Prehistoric||0.129|[Xe] 4f14 5d10 6s2 6p2|6|14
83|Bismuth|Bi|208.9804|6|15|solid|rho|Metal|1|1.6|2.02|7.2856|9.807|544.67|1837|19|Geoffroy the Younger|1753|0.122|[Xe] 4f14 5d10 6s2 6p3|6|15
84|Polonium|Po|210|6|16|solid|cub|Metalloid|2.3|1.5|2|8.417|9.32|527.15|1235|34|Curie|1898||[Xe] 4f14 5d10 6s2 6p4|6|16
85|Astatine|At|210|6|17|solid||Noble Gas||1.4|2.2|9.3|7|575.15|610|21|Corson et al.|1940||[Xe] 4f14 5d10 6s2 6p5|6|17
86|Radon|Rn|222|6|18|gas||Alkali Metal||1.3||10.7485|0.00973|202.15|211.3|20|Dorn|1900|0.094|[Xe] 4f14 5d10 6s2 6p6|6|18
87|Francium|Fr|223|7|1|solid|bcc|Alkaline Earth Metal|1.8||0.7|4.0727|1.87|300.15|950|21|Perey|1939||[Rn] 7s1|7|1
88|Radium|Ra|226|7|2|solid|bcc|Actinide|1.4||0.9|5.2784|5.5|973.15|2010|15|Pierre and Marie Curie|1898||[Rn] 7s2|7|2
89|Actinium|Ac|227|7|3|solid|fcc|Actinide|1.1||1.1|5.17|10.07|1323.15|3471|11|Debierne/Giesel|1899|0.12|[Rn] 6d1 7s2|9|3
90|Thorium|Th|232.03806|7|19|solid|fcc|Actinide|0.97||1.3|6.3067|11.72|2028.15|5061|12|Berzelius|1828|0.113|[Rn] 6d2 7s2|9|4
91|Protactinium|Pa|231.03588|7|20|solid|orth|Actinide|0.78||1.5|5.89|15.37|1873.15|4300|14|Hahn and Meitner|1917||[Rn] 5f2 6d1 7s2|9|5
92|Uranium|U|238.02891|7|21|solid|orth|Actinide|0.52||1.38|6.1941|18.95|1405.15|4404|15|Peligot|1841|0.116|[Rn] 5f3 6d1 7s2|9|6
93|Neptunium|Np|237|7|22|artificial|orth|Actinide|0.75||1.36|6.2657|20.45|913.15|4273|153|McMillan and Abelson|1940||[Rn] 5f4 6d1 7s2|9|7
94|Plutonium|Pu|244|7|23|artificial|mno|Actinide|0.89||1.28|6.0262|19.84|913.15|3501|163|Seaborg et al.|1940||[Rn] 5f6 7s2|9|8
95|Americium|Am|243|7|24|artificial|hex|Actinide|0.98||1.3|5.9738|13.69|1267.15|2880|133|Seaborg et al.|1944||[Rn] 5f7 7s2|9|9
96|Curium|Cm|247|7|25|artificial|hex|Actinide|0.97||1.3|5.9915|13.51|1340.15|3383|133|Seaborg et al.|1944|||9|10
97|Berkelium|Bk|247|7|26|artificial|hex|Actinide|0.95||1.3|6.1979|14.79|1259.15|983|83|Seaborg et al.|1949|||9|11
98|Californium|Cf|251|7|27|artificial|hex|Actinide|0.93||1.3|6.2817|15.1|1925.15|1173|123|Seaborg et al.|1950|||9|12
99|Einsteinium|Es|252|7|28|artificial|hex|Actinide|||1.3|6.42|13.5|1133.15||123|Ghiorso et al.|1952|||9|13
100|Fermium|Fm|257|7|29|artificial||Actinide|||1.3|6.5||||103|Ghiorso et al.|1953|||9|14
101|Mendelevium|Md|258|7|30|artificial||Actinide|||1.3|6.58||||33|Ghiorso et al.|1955|||9|15
102|Nobelium|No|259|7|31|artificial||Actinide|||1.3|6.65||||73|Ghiorso et al.|1958|||9|16
103|Lawrencium|Lr|262|7|32|artificial||Actinide||||||||203|Ghiorso et al.|1961|||9|17
104|Rutherfordium|Rf|261|7|4|artificial||Transactinide|||||18.1||||Ghiorso et al.|1969|||7|4
105|Dubnium|Db|262|7|5|artificial||Transactinide|||||39||||Ghiorso et al.|1970|||7|5
106|Seaborgium|Sg|266|7|6|artificial||Transactinide|||||35||||Ghiorso et al.|1974|||7|6
107|Bohrium|Bh|264|7|7|artificial||Transactinide|||||37||||Armbruster and MŸnzenberg|1981|||7|7
108|Hassium|Hs|267|7|8|artificial||Transactinide|||||41||||Armbruster and MŸnzenberg|1983|||7|8
109|Meitnerium|Mt|268|7|9|artificial||Transactinide|||||35||||&quot;GSI  Darmstadt  West Germany&quot; |1982|||7|9
110|Darmstadtium |Ds |271|7|10|artificial||Transactinide|||||||||||||7|10
111|Roentgenium |Rg |272|7|11|artificial||Transactinide|||||||||||||7|11
112|Copernicium |Cn |285|7|12|artificial||Transactinide|||||||||||||7|12
113|Ununtrium |Uut |284|7|13|artificial|||||||||||||||7|13
114|Ununquadium |Uuq |289|7|14|artificial||Transactinide|||||||||||||7|14
115|Ununpentium |Uup |288|7|15|artificial|||||||||||||||7|15
116|Ununhexium |Uuh |292|7|16|artificial||Transactinide|||||||||||||7|16
117|Ununseptium |Uus |295|7|17|artificial|||||||||||||||7|17
118|Ununoctium |Uuo |294|7|18|artificial||Noble Gas|||||||||||||7|18
|&gt;" type="java.lang.AssertionError">java.lang.AssertionError: expected:&lt;null&gt; but was:&lt;Atomic Number|Element|Symbol|Atomic Weight|Period|Group|Phase|Most Stable Crystal|Type|Ionic Radius|Atomic Radius|Electronegativity|First Ionization Potential|Density|Melting Point (K)|Boiling Point (K)|Isotopes|Discoverer|Year of Discovery|Specific Heat Capacity|Electron Configuration|Display Row|Display Column
1|Hydrogen|H|1.00794|1|1|gas||Nonmetal|0.012|0.79|2.2|13.5984|0.00008988|14.175|20.28|3|Cavendish|1766|14.304|1s1|1|1
2|Helium|He|4.002602|1|18|gas||Noble Gas||0.49||24.5874|0.0001785||4.22|5|Janssen|1868|5.193|1s2|1|18
3|Lithium|Li|6.941|2|1|solid|bcc|Alkali Metal|0.76|2.1|0.98|5.3917|0.534|453.85|1615|5|Arfvedson|1817|3.582|[He] 2s1|2|1
4|Beryllium|Be|9.012182|2|2|solid|hex|Alkaline Earth Metal|0.35|1.4|1.57|9.3227|1.85|1560.15|2742|6|Vaulquelin|1798|1.825|[He] 2s2|2|2
5|Boron|B|10.811|2|13|solid|rho|Metalloid|0.23|1.2|2.04|8.298|2.34|2573.15|4200|6|Gay-Lussac|1808|1.026|[He] 2s2 2p1|2|13
6|Carbon|C|12.0107|2|14|solid|hex|Nonmetal||0.91|2.55|11.2603|2.267|3948.15|4300|7|Prehistoric||0.709|[He] 2s2 2p2|2|14
7|Nitrogen|N|14.0067|2|15|gas||Nonmetal|0.13|0.75|3.04|14.5341|0.0012506|63.29|77.36|8|Rutherford|1772|1.04|[He] 2s2 2p3|2|15
8|Oxygen|O|15.9994|2|16|gas||Nonmetal|1.4|0.65|3.44|13.6181|0.001429|50.5|90.2|8|Priestley/Scheele|1774|0.918|[He] 2s2 2p4|2|16
9|Fluorine|F|18.9984032|2|17|gas||Halogen|1.3|0.57|3.98|17.4228|0.001696|53.63|85.03|6|Moissan|1886|0.824|[He] 2s2 2p5|2|17
10|Neon|Ne|20.1797|2|18|gas||Noble Gas||0.51||21.5645|0.0008999|24.703|27.07|8|Ramsay and Travers|1898|1.03|[He] 2s2 2p6|2|18
11|Sodium|Na|22.98976928|3|1|solid|bcc|Alkali Metal|1|2.2|0.93|5.1391|0.971|371.15|1156|7|Davy|1807|1.228|[Ne] 3s1|3|1
12|Magnesium|Mg|24.305|3|2|solid|hex|Alkaline Earth Metal|0.72|1.7|1.31|7.6462|1.738|923.15|1363|8|Black|1755|1.023|[Ne] 3s2|3|2
13|Aluminum|Al|26.9815386|3|13|solid|fcc|Metal|0.54|1.8|1.61|5.9858|2.698|933.4|2792|8|Wšhler|1827|0.897|[Ne] 3s2 3p1|3|13
14|Silicon|Si|28.0855|3|14|solid|fcc|Metalloid|0.4|1.5|1.9|8.1517|2.3296|1683.15|3538|8|Berzelius|1824|0.705|[Ne] 3s2 3p2|3|14
15|Phosphorus|P|30.973762|3|15|solid|cub|Nonmetal|0.38|1.2|2.19|10.4867|1.82|317.25|553|7|BranBrand|1669|0.769|[Ne] 3s2 3p3|3|15
16|Sulfur|S|32.065|3|16|solid|orth|Nonmetal|0.37|1.1|2.58|10.36|2.067|388.51|717.8|10|Prehistoric||0.71|[Ne] 3s2 3p4|3|16
17|Chlorine|Cl|35.453|3|17|gas||Halogen|1.8|0.97|3.16|12.9676|0.003214|172.31|239.11|11|Scheele|1774|0.479|[Ne] 3s2 3p5|3|17
18|Argon|Ar|39.948|3|18|gas||Noble Gas||0.88||15.7596|0.0017837|83.96|87.3|8|Rayleigh and Ramsay|1894|0.52|[Ne] 3s2 3p6|3|18
19|Potassium|K|39.0983|4|1|solid|bcc|Alkali Metal|1.4|2.8|0.82|4.3407|0.862|336.5|1032|10|Davy|1807|0.757|[Ar] 4s1|4|1
20|Calcium|Ca|40.078|4|2|solid|fcc|Alkaline Earth Metal|0.99|2.2|1|6.1132|1.54|1112.15|1757|14|Davy|1808|0.647|[Ar] 4s2|4|2
21|Scandium|Sc|44.955912|4|3|solid|hex|Transition Metal|0.75|2.1|1.36|6.5615|2.989|1812.15|3109|15|Nilson|1878|0.568|[Ar] 3d1 4s2|4|3
22|Titanium|Ti|47.867|4|4|solid|hex|Transition Metal|0.61|2|1.54|6.8281|4.54|1933.15|3560|9|Gregor|1791|0.523|[Ar] 3d2 4s2|4|4
23|Vanadium|V|50.9415|4|5|solid|bcc|Transition Metal|0.59|1.9|1.63|6.7462|6.11|2175.15|3680|9|   del Rio|1801|0.489|[Ar] 3d3 4s2|4|5
24|Chromium|Cr|51.9961|4|6|solid|bcc|Transition Metal|0.52|1.9|1.66|6.7665|7.15|2130.15|2944|9|Vauquelin|1797|0.449|[Ar] 3d5 4s1|4|6
25|Manganese|Mn|54.938045|4|7|solid|bcc|Transition Metal|0.46|1.8|1.55|7.434|7.44|1519.15|2334|11|&quot;Gahn  Scheele&quot; |1774|0.479|[Ar] 3d5 4s2|4|7
26|Iron|Fe|55.845|4|8|solid|bcc|Transition Metal|0.65|1.7|1.83|7.9024|7.874|1808.15|3134|10|Prehistoric||0.449|[Ar] 3d6 4s2|4|8
27|Cobalt|Co|58.933195|4|9|solid|hex|Transition Metal|0.75|1.7|1.88|7.881|8.86|1768.15|3200|14|Brandt|1735|0.421|[Ar] 3d7 4s2|4|9
28|Nickel|Ni|58.6934|4|10|solid|fcc|Transition Metal|0.69|1.6|1.91|7.6398|8.912|1726.15|3186|11|Cronstedt|1751|0.444|[Ar] 3d8 4s2|4|10
29|Copper|Cu|63.546|4|11|solid|fcc|Transition Metal|0.73|1.6|1.9|7.7264|8.96|1357.75|2835|11|Prehistoric||0.385|[Ar] 3d10 4s1|4|11
30|Zinc|Zn|65.38|4|12|solid|hex|Transition Metal|0.74|1.5|1.65|9.3942|7.134|692.88|1180|15|Prehistoric||0.388|[Ar] 3d10 4s2|4|12
31|Gallium|Ga|69.723|4|13|solid|orth|Metal|0.62|1.8|1.81|5.9993|5.907|302.91|2477|14|de Boisbaudran|1875|0.371|[Ar] 3d10 4s2 4p1|4|13
32|Germanium|Ge|72.64|4|14|solid|fcc|Metalloid|0.53|1.5|2.01|7.8994|5.323|1211.45|3106|17|Winkler|1886|0.32|[Ar] 3d10 4s2 4p2|4|14
33|Arsenic|As|74.9216|4|15|solid|rho|Metalloid|0.58|1.3|2.18|9.7886|5.776|1090.15|887|14|Albertus Magnus|1250|0.329|[Ar] 3d10 4s2 4p3|4|15
34|Selenium|Se|78.96|4|16|solid|hex|Nonmetal|0.5|1.2|2.55|9.7524|4.809|494.15|958|20|Berzelius|1817|0.321|[Ar] 3d10 4s2 4p4|4|16
35|Bromine|Br|79.904|4|17|liq||Halogen|2|1.1|2.96|11.8138|3.122|266.05|332|19|Balard|1826|0.474|[Ar] 3d10 4s2 4p5|4|17
36|Krypton|Kr|83.798|4|18|gas||Noble Gas||1||13.9996|0.003733|115.93|119.93|23|Ramsay and Travers|1898|0.248|[Ar] 3d10 4s2 4p6|4|18
37|Rubidium|Rb|85.4678|5|1|solid|bcc|Alkali Metal|1.5|3|0.82|4.1771|1.532|312.79|961|20|Bunsen and Kirchoff|1861|0.363|[Kr] 5s1|5|1
38|Strontium|Sr|87.62|5|2|solid|fcc|Alkaline Earth Metal|1.1|2.5|0.95|5.6949|2.64|1042.15|1655|18|Davy|1808|0.301|[Kr] 5s2|5|2
39|Yttrium|Y|88.90585|5|3|solid|hex|Transition Metal|0.9|2.3|1.22|6.2173|4.469|1799.15|3609|21|Gadolin|1794|0.298|[Kr] 4d1 5s2|5|3
40|Zirconium|Zr|91.224|5|4|solid|hex|Transition Metal|0.72|2.2|1.33|6.6339|6.506|2125.15|4682|20|Klaproth|1789|0.278|[Kr] 4d2 5s2|5|4
41|Niobium|Nb|92.90638|5|5|solid|bcc|Transition Metal|0.69|2.1|1.6|6.7589|8.57|2741.15|5017|24|Hatchett|1801|0.265|[Kr] 4d4 5s1|5|5
42|Molybdenum|Mo|95.96|5|6|solid|bcc|Transition Metal|0.65|2|2.16|7.0924|10.22|2890.15|4912|20|Scheele|1778|0.251|[Kr] 4d5 5s1|5|6
43|Technetium|Tc|98|5|7|artificial|hex|Transition Metal|0.56|2|1.9|7.28|11.5|2473.15|5150|23|Perrier and SegrŽ|1937||[Kr] 4d5 5s2|5|7
44|Ruthenium|Ru|101.07|5|8|solid|hex|Transition Metal|0.68|1.9|2.2|7.3605|12.37|2523.15|4423|16|Klaus|1844|0.238|[Kr] 4d7 5s1|5|8
45|Rhodium|Rh|102.9055|5|9|solid|fcc|Transition Metal|0.68|1.8|2.28|7.4589|12.41|2239.15|3968|20|Wollaston|1803|0.243|[Kr] 4d8 5s1|5|9
46|Palladium|Pd|106.42|5|10|solid|fcc|Transition Metal|0.86|1.8|2.2|8.3369|12.02|1825.15|3236|21|Wollaston|1803|0.244|[Kr] 4d10|5|10
47|Silver|Ag|107.8682|5|11|solid|fcc|Transition Metal|1.3|1.8|1.93|7.5762|10.501|1234.15|2435|27|Prehistoric||0.235|[Kr] 4d10 5s1|5|11
48|Cadmium|Cd|112.411|5|12|solid|hex|Transition Metal|0.97|1.7|1.69|8.9938|8.69|594.33|1040|22|Stromeyer|1817|0.232|[Kr] 4d10 5s2|5|12
49|Indium|In|114.818|5|13|solid|tet|Metal|0.8|2|1.78|5.7864|7.31|429.91|2345|34|Reich and Richter|1863|0.233|[Kr] 4d10 5s2 5p1|5|13
50|Tin|Sn|118.71|5|14|solid|tet|Metal|0.69|1.7|1.96|7.3439|7.287|505.21|2875|28|Prehistoric||0.228|[Kr] 4d10 5s2 5p2|5|14
51|Antimony|Sb|121.76|5|15|solid|rho|Metalloid|0.76|1.5|2.05|8.6084|6.685|904.05|1860|29|Early historic times||0.207|[Kr] 4d10 5s2 5p3|5|15
52|Tellurium|Te|127.6|5|16|solid|hex|Metalloid|0.97|1.4|2.1|9.0096|6.232|722.8|1261|29|von Reichenstein|1782|0.202|[Kr] 4d10 5s2 5p4|5|16
53|Iodine|I|126.90447|5|17|solid|orth|Halogen|2.2|1.3|2.66|10.4513|4.93|386.65|457.4|24|Courtois|1811|0.214|[Kr] 4d10 5s2 5p5|5|17
54|Xenon|Xe|131.293|5|18|gas|gas|Noble Gas||1.2||12.1298|0.005887|161.45|165.03|31|Ramsay and Travers|1898|0.158|[Kr] 4d10 5s2 5p6|5|18
55|Cesium|Cs|132.9054519|6|1|solid||Alkali Metal|1.7|3.3|0.79|3.8939|1.873|301.7|944|22|Bunsen and Kirchoff|1860|0.242|[Xe] 6s1|6|1
56|Barium|Ba|137.327|6|2|solid|bcc|Alkaline Earth Metal|1.4|2.8|0.89|5.2117|3.594|1002.15|2170|25|Davy|1808|0.204|[Xe] 6s2|6|2
57|Lanthanum|La|138.90547|6|3|solid|hex|Lanthanide|1.1|2.7|1.1|5.5769|6.145|1193.15|3737|19|Mosander|1839|0.195|[Xe] 5d1 6s2|8|3
58|Cerium|Ce|140.116|6|19|solid|fcc|Lanthanide|1|2.7|1.12|5.5387|6.77|1071.15|3716|19|Berzelius|1803|0.192|[Xe] 4f1 5d1 6s2|8|4
59|Praseodymium|Pr|140.90765|6|20|solid|hex|Lanthanide|1|2.7|1.13|5.473|6.773|1204.15|3793|15|von Welsbach|1885|0.193|[Xe] 4f3 6s2|8|5
60|Neodymium|Nd|144.242|6|21|solid|hex|Lanthanide|1|2.6|1.14|5.525|7.007|1289.15|3347|16|von Welsbach|1885|0.19|[Xe] 4f4 6s2|8|6
61|Promethium|Pm|145|6|22|artificial|hex|Lanthanide|0.98|2.6|1.13|5.582|7.26|1204.15|3273|14|Marinsky et al.|1945||[Xe] 4f5 6s2|8|7
62|Samarium|Sm|150.36|6|23|solid|hex|Lanthanide|0.96|2.6|1.17|5.6437|7.52|1345.15|2067|17|Boisbaudran|1879|0.197|[Xe] 4f6 6s2|8|8
63|Europium|Eu|151.964|6|24|solid|bcc|Lanthanide|0.95|2.6|1.2|5.6704|5.243|1095.15|1802|21|Demarcay|1901|0.182|[Xe] 4f7 6s2|8|9
64|Gadolinium|Gd|157.25|6|25|solid|hex|Lanthanide|0.94|2.5|1.2|6.1501|7.895|1585.15|3546|17|de Marignac|1880|0.236|[Xe] 4f7 5d1 6s2|8|10
65|Terbium|Tb|158.92535|6|26|solid|hex|Lanthanide|0.92|2.5|1.2|5.8638|8.229|1630.15|3503|24|Mosander|1843|0.182|[Xe] 4f9 6s2|8|11
66|Dysprosium|Dy|162.5|6|27|solid|hex|Lanthanide|0.91|2.5|1.22|5.9389|8.55|1680.15|2840|21|de Boisbaudran|1886|0.17|[Xe] 4f10 6s2|8|12
67|Holmium|Ho|164.93032|6|28|solid|hex|Lanthanide|0.9|2.5|1.23|6.0215|8.795|1743.15|2993|29|Delafontaine and Soret|1878|0.165|[Xe] 4f11 6s2|8|13
68|Erbium|Er|167.259|6|29|solid|hex|Lanthanide|0.88|2.5|1.24|6.1077|9.066|1795.15|3503|16|Mosander|1843|0.168|[Xe] 4f12 6s2|8|14
69|Thulium|Tm|168.93421|6|30|solid|hex|Lanthanide|0.87|2.4|1.25|6.1843|9.321|1818.15|2223|18|Cleve|1879|0.16|[Xe] 4f13 6s2|8|15
70|Ytterbium|Yb|173.054|6|31|solid|fcc|Lanthanide|0.86|2.4|1.1|6.2542|6.965|1097.15|1469|16|Marignac|1878|0.155|[Xe] 4f14 6s2|8|16
71|Lutetium|Lu|174.9668|6|32|solid|hex|Lanthanide|0.85|2.3|1.27|5.4259|9.84|1936.15|3675|22|Urbain/ von Welsbach|1907|0.154|[Xe] 4f14 5d1 6s2|8|17
72|Hafnium|Hf|178.49|6|4|solid|hex|Transition Metal|0.71|2.2|1.3|6.8251|13.31|2500.15|4876|17|Coster and von Hevesy|1923|0.144|[Xe] 4f14 5d2 6s2|6|4
73|Tantalum|Ta|180.94788|6|5|solid|bcc|Transition Metal|0.64|2.1|1.5|7.5496|16.654|3269.15|5731|19|Ekeberg|1801|0.14|[Xe] 4f14 5d3 6s2|6|5
74|Wolfram|W|183.84|6|6|solid|bcc|Transition Metal|0.62|2|2.36|7.864|19.25|3680.15|5828|22|J. and F. d&apos;Elhuyar|1783|0.132|[Xe] 4f14 5d4 6s2|6|6
75|Rhenium|Re|186.207|6|7|solid|hex|Transition Metal|0.56|2|1.9|7.8335|21.02|3453.15|5869|21|&quot;Noddack  Berg  and Tacke&quot; |1925|0.137|[Xe] 4f14 5d5 6s2|6|7
76|Osmium|Os|190.23|6|8|solid|hex|Transition Metal|0.63|1.9|2.2|8.4382|22.61|3300.15|5285|19|Tennant|1803|0.13|[Xe] 4f14 5d6 6s2|6|8
77|Iridium|Ir|192.217|6|9|solid|fcc|Transition Metal|0.63|1.9|2.2|8.967|22.56|2716.15|4701|25|Tennant|1804|0.131|[Xe] 4f14 5d7 6s2|6|9
78|Platinum|Pt|195.084|6|10|solid|fcc|Transition Metal|0.63|1.8|2.28|8.9587|21.46|2045.15|4098|32|Ulloa/Wood|1735|0.133|[Xe] 4f14 5d9 6s1|6|10
79|Gold|Au|196.966569|6|11|solid|fcc|Transition Metal|0.85|1.8|2.54|9.2255|19.282|1337.73|3129|21|Prehistoric||0.129|[Xe] 4f14 5d10 6s1|6|11
80|Mercury|Hg|200.59|6|12|liq||Transition Metal|1|1.8|2|10.4375|13.5336|234.43|630|26|Prehistoric||0.14|[Xe] 4f14 5d10 6s2|6|12
81|Thallium|Tl|204.3833|6|13|solid|hex|Metal|1.5|2.1|2.04|6.1082|11.85|577.15|1746|28|Crookes|1861|0.129|[Xe] 4f14 5d10 6s2 6p1|6|13
82|Lead|Pb|207.2|6|14|solid|fcc|Metal|1.2|1.8|2.33|7.4167|11.342|600.75|2022|29|Prehistoric||0.129|[Xe] 4f14 5d10 6s2 6p2|6|14
83|Bismuth|Bi|208.9804|6|15|solid|rho|Metal|1|1.6|2.02|7.2856|9.807|544.67|1837|19|Geoffroy the Younger|1753|0.122|[Xe] 4f14 5d10 6s2 6p3|6|15
84|Polonium|Po|210|6|16|solid|cub|Metalloid|2.3|1.5|2|8.417|9.32|527.15|1235|34|Curie|1898||[Xe] 4f14 5d10 6s2 6p4|6|16
85|Astatine|At|210|6|17|solid||Noble Gas||1.4|2.2|9.3|7|575.15|610|21|Corson et al.|1940||[Xe] 4f14 5d10 6s2 6p5|6|17
86|Radon|Rn|222|6|18|gas||Alkali Metal||1.3||10.7485|0.00973|202.15|211.3|20|Dorn|1900|0.094|[Xe] 4f14 5d10 6s2 6p6|6|18
87|Francium|Fr|223|7|1|solid|bcc|Alkaline Earth Metal|1.8||0.7|4.0727|1.87|300.15|950|21|Perey|1939||[Rn] 7s1|7|1
88|Radium|Ra|226|7|2|solid|bcc|Actinide|1.4||0.9|5.2784|5.5|973.15|2010|15|Pierre and Marie Curie|1898||[Rn] 7s2|7|2
89|Actinium|Ac|227|7|3|solid|fcc|Actinide|1.1||1.1|5.17|10.07|1323.15|3471|11|Debierne/Giesel|1899|0.12|[Rn] 6d1 7s2|9|3
90|Thorium|Th|232.03806|7|19|solid|fcc|Actinide|0.97||1.3|6.3067|11.72|2028.15|5061|12|Berzelius|1828|0.113|[Rn] 6d2 7s2|9|4
91|Protactinium|Pa|231.03588|7|20|solid|orth|Actinide|0.78||1.5|5.89|15.37|1873.15|4300|14|Hahn and Meitner|1917||[Rn] 5f2 6d1 7s2|9|5
92|Uranium|U|238.02891|7|21|solid|orth|Actinide|0.52||1.38|6.1941|18.95|1405.15|4404|15|Peligot|1841|0.116|[Rn] 5f3 6d1 7s2|9|6
93|Neptunium|Np|237|7|22|artificial|orth|Actinide|0.75||1.36|6.2657|20.45|913.15|4273|153|McMillan and Abelson|1940||[Rn] 5f4 6d1 7s2|9|7
94|Plutonium|Pu|244|7|23|artificial|mno|Actinide|0.89||1.28|6.0262|19.84|913.15|3501|163|Seaborg et al.|1940||[Rn] 5f6 7s2|9|8
95|Americium|Am|243|7|24|artificial|hex|Actinide|0.98||1.3|5.9738|13.69|1267.15|2880|133|Seaborg et al.|1944||[Rn] 5f7 7s2|9|9
96|Curium|Cm|247|7|25|artificial|hex|Actinide|0.97||1.3|5.9915|13.51|1340.15|3383|133|Seaborg et al.|1944|||9|10
97|Berkelium|Bk|247|7|26|artificial|hex|Actinide|0.95||1.3|6.1979|14.79|1259.15|983|83|Seaborg et al.|1949|||9|11
98|Californium|Cf|251|7|27|artificial|hex|Actinide|0.93||1.3|6.2817|15.1|1925.15|1173|123|Seaborg et al.|1950|||9|12
99|Einsteinium|Es|252|7|28|artificial|hex|Actinide|||1.3|6.42|13.5|1133.15||123|Ghiorso et al.|1952|||9|13
100|Fermium|Fm|257|7|29|artificial||Actinide|||1.3|6.5||||103|Ghiorso et al.|1953|||9|14
101|Mendelevium|Md|258|7|30|artificial||Actinide|||1.3|6.58||||33|Ghiorso et al.|1955|||9|15
102|Nobelium|No|259|7|31|artificial||Actinide|||1.3|6.65||||73|Ghiorso et al.|1958|||9|16
103|Lawrencium|Lr|262|7|32|artificial||Actinide||||||||203|Ghiorso et al.|1961|||9|17
104|Rutherfordium|Rf|261|7|4|artificial||Transactinide|||||18.1||||Ghiorso et al.|1969|||7|4
105|Dubnium|Db|262|7|5|artificial||Transactinide|||||39||||Ghiorso et al.|1970|||7|5
106|Seaborgium|Sg|266|7|6|artificial||Transactinide|||||35||||Ghiorso et al.|1974|||7|6
107|Bohrium|Bh|264|7|7|artificial||Transactinide|||||37||||Armbruster and MŸnzenberg|1981|||7|7
108|Hassium|Hs|267|7|8|artificial||Transactinide|||||41||||Armbruster and MŸnzenberg|1983|||7|8
109|Meitnerium|Mt|268|7|9|artificial||Transactinide|||||35||||&quot;GSI  Darmstadt  West Germany&quot; |1982|||7|9
110|Darmstadtium |Ds |271|7|10|artificial||Transactinide|||||||||||||7|10
111|Roentgenium |Rg |272|7|11|artificial||Transactinide|||||||||||||7|11
112|Copernicium |Cn |285|7|12|artificial||Transactinide|||||||||||||7|12
113|Ununtrium |Uut |284|7|13|artificial|||||||||||||||7|13
114|Ununquadium |Uuq |289|7|14|artificial||Transactinide|||||||||||||7|14
115|Ununpentium |Uup |288|7|15|artificial|||||||||||||||7|15
116|Ununhexium |Uuh |292|7|16|artificial||Transactinide|||||||||||||7|16
117|Ununseptium |Uus |295|7|17|artificial|||||||||||||||7|17
118|Ununoctium |Uuo |294|7|18|artificial||Noble Gas|||||||||||||7|18
|&gt;
	at org.junit.Assert.fail(Assert.java:88)
	at org.junit.Assert.failNotEquals(Assert.java:834)
	at org.junit.Assert.assertEquals(Assert.java:118)
	at org.junit.Assert.assertEquals(Assert.java:144)
	at test.java.TestLogPeriodicTableFunction.testPos_1(TestLogPeriodicTableFunction.java:25)
	at sun.reflect.NativeMethodAccessorImpl.invoke0(Native Method)
	at sun.reflect.NativeMethodAccessorImpl.invoke(NativeMethodAccessorImpl.java:62)
	at sun.reflect.DelegatingMethodAccessorImpl.invoke(DelegatingMethodAccessorImpl.java:43)
	at java.lang.reflect.Method.invoke(Method.java:498)
	at org.junit.runners.model.FrameworkMethod$1.runReflectiveCall(FrameworkMethod.java:50)
	at org.junit.internal.runners.model.ReflectiveCallable.run(ReflectiveCallable.java:12)
	at org.junit.runners.model.FrameworkMethod.invokeExplosively(FrameworkMethod.java:47)
	at org.junit.internal.runners.statements.InvokeMethod.evaluate(InvokeMethod.java:17)
	at org.junit.runners.ParentRunner.runLeaf(ParentRunner.java:325)
	at org.junit.runners.BlockJUnit4ClassRunner.runChild(BlockJUnit4ClassRunner.java:78)
	at org.junit.runners.BlockJUnit4ClassRunner.runChild(BlockJUnit4ClassRunner.java:57)
	at org.junit.runners.ParentRunner$3.run(ParentRunner.java:290)
	at org.junit.runners.ParentRunner$1.schedule(ParentRunner.java:71)
	at org.junit.runners.ParentRunner.runChildren(ParentRunner.java:288)
	at org.junit.runners.ParentRunner.access$000(ParentRunner.java:58)
	at org.junit.runners.ParentRunner$2.evaluate(ParentRunner.java:268)
	at org.junit.runners.ParentRunner.run(ParentRunner.java:363)
	at org.apache.maven.surefire.junit4.JUnit4Provider.execute(JUnit4Provider.java:252)
	at org.apache.maven.surefire.junit4.JUnit4Provider.executeTestSet(JUnit4Provider.java:141)
	at org.apache.maven.surefire.junit4.JUnit4Provider.invoke(JUnit4Provider.java:112)
	at sun.reflect.NativeMethodAccessorImpl.invoke0(Native Method)
	at sun.reflect.NativeMethodAccessorImpl.invoke(NativeMethodAccessorImpl.java:62)
	at sun.reflect.DelegatingMethodAccessorImpl.invoke(DelegatingMethodAccessorImpl.java:43)
	at java.lang.reflect.Method.invoke(Method.java:498)
	at org.apache.maven.surefire.util.ReflectionUtils.invokeMethodWithArray(ReflectionUtils.java:189)
	at org.apache.maven.surefire.booter.ProviderFactory$ProviderProxy.invoke(ProviderFactory.java:165)
	at org.apache.maven.surefire.booter.ProviderFactory.invokeProvider(ProviderFactory.java:85)
	at org.apache.maven.surefire.booter.ForkedBooter.runSuitesInProcess(ForkedBooter.java:115)
	at org.apache.maven.surefire.booter.ForkedBooter.main(ForkedBooter.java:75)
</failure>
    <system-out>2493 [main] DEBUG main.java.Provider  - &quot;Gahn  Scheele&quot; |
2497 [main] DEBUG main.java.Provider  - &quot;Noddack  Berg  and Tacke&quot; |
2499 [main] DEBUG main.java.Provider  - &quot;GSI  Darmstadt  West Germany&quot; |
2503 [main] DEBUG main.java.Provider  - Adding:PeriodicElement [AtomicNumber=1, ElementSymbol=Hydrogen, AtomicWeight=H, Period=1.00794, Group=1, Phase=1, MostStableCrystal=gas, Type=, IonicRadius=Nonmetal, AtomicRadius=0.012, Electronegativity=0.79, FirstIonization=2.2, Potential=13.5984, Density=0.00008988, MeltingPoint=14.175, BoilingPoint=20.28, Isotopes=3, Discoverer=Cavendish, YearOfDiscovery=1766, SpecificHeatCapacity=14.304, ElectronConfiguration=1s1, DisplayRow=1, DisplayColumn=1, hashCode()=832504077, getAtomicNumber()=1, getElementSymbol()=Hydrogen, getAtomicWeight()=H, getPeriod()=1.00794, getGroup()=1, getPhase()=1, getMostStableCrystal()=gas, getType()=, getIonicRadius()=Nonmetal, getAtomicRadius()=0.012, getElectronegativity()=0.79, getFirstIonization()=2.2, getPotential()=13.5984, getDensity()=0.00008988, getMeltingPoint()=14.175, getBoilingPoint()=20.28, getIsotopes()=3, getDiscoverer()=Cavendish, getYearOfDiscovery()=1766, getSpecificHeatCapacity()=14.304, getElectronConfiguration()=1s1, getDisplayRow()=1, getDisplayColumn()=1, getClass()=class main.java.PeriodicElement, toString()=main.java.PeriodicElement@319f010d]
2505 [main] DEBUG main.java.Provider  - Adding:PeriodicElement [AtomicNumber=2, ElementSymbol=Helium, AtomicWeight=He, Period=4.002602, Group=1, Phase=18, MostStableCrystal=gas, Type=, IonicRadius=Noble Gas, AtomicRadius=, Electronegativity=0.49, FirstIonization=, Potential=24.5874, Density=0.0001785, MeltingPoint=, BoilingPoint=4.22, Isotopes=5, Discoverer=Janssen, YearOfDiscovery=1868, SpecificHeatCapacity=5.193, ElectronConfiguration=1s2, DisplayRow=1, DisplayColumn=18, hashCode()=1439492576, getAtomicNumber()=2, getElementSymbol()=Helium, getAtomicWeight()=He, getPeriod()=4.002602, getGroup()=1, getPhase()=18, getMostStableCrystal()=gas, getType()=, getIonicRadius()=Noble Gas, getAtomicRadius()=, getElectronegativity()=0.49, getFirstIonization()=, getPotential()=24.5874, getDensity()=0.0001785, getMeltingPoint()=, getBoilingPoint()=4.22, getIsotopes()=5, getDiscoverer()=Janssen, getYearOfDiscovery()=1868, getSpecificHeatCapacity()=5.193, getElectronConfiguration()=1s2, getDisplayRow()=1, getDisplayColumn()=18, getClass()=class main.java.PeriodicElement, toString()=main.java.PeriodicElement@55cce9e0]
2506 [main] DEBUG main.java.Provider  - Adding:PeriodicElement [AtomicNumber=3, ElementSymbol=Lithium, AtomicWeight=Li, Period=6.941, Group=2, Phase=1, MostStableCrystal=solid, Type=bcc, IonicRadius=Alkali Metal, AtomicRadius=0.76, Electronegativity=2.1, FirstIonization=0.98, Potential=5.3917, Density=0.534, MeltingPoint=453.85, BoilingPoint=1615, Isotopes=5, Discoverer=Arfvedson, YearOfDiscovery=1817, SpecificHeatCapacity=3.582, ElectronConfiguration=[He] 2s1, DisplayRow=2, DisplayColumn=1, hashCode()=131087650, getAtomicNumber()=3, getElementSymbol()=Lithium, getAtomicWeight()=Li, getPeriod()=6.941, getGroup()=2, getPhase()=1, getMostStableCrystal()=solid, getType()=bcc, getIonicRadius()=Alkali Metal, getAtomicRadius()=0.76, getElectronegativity()=2.1, getFirstIonization()=0.98, getPotential()=5.3917, getDensity()=0.534, getMeltingPoint()=453.85, getBoilingPoint()=1615, getIsotopes()=5, getDiscoverer()=Arfvedson, getYearOfDiscovery()=1817, getSpecificHeatCapacity()=3.582, getElectronConfiguration()=[He] 2s1, getDisplayRow()=2, getDisplayColumn()=1, getClass()=class main.java.PeriodicElement, toString()=main.java.PeriodicElement@7d03d22]
2508 [main] DEBUG main.java.Provider  - Adding:PeriodicElement [AtomicNumber=4, ElementSymbol=Beryllium, AtomicWeight=Be, Period=9.012182, Group=2, Phase=2, MostStableCrystal=solid, Type=hex, IonicRadius=Alkaline Earth Metal, AtomicRadius=0.35, Electronegativity=1.4, FirstIonization=1.57, Potential=9.3227, Density=1.85, MeltingPoint=1560.15, BoilingPoint=2742, Isotopes=6, Discoverer=Vaulquelin, YearOfDiscovery=1798, SpecificHeatCapacity=1.825, ElectronConfiguration=[He] 2s2, DisplayRow=2, DisplayColumn=2, hashCode()=1267597085, getAtomicNumber()=4, getElementSymbol()=Beryllium, getAtomicWeight()=Be, getPeriod()=9.012182, getGroup()=2, getPhase()=2, getMostStableCrystal()=solid, getType()=hex, getIonicRadius()=Alkaline Earth Metal, getAtomicRadius()=0.35, getElectronegativity()=1.4, getFirstIonization()=1.57, getPotential()=9.3227, getDensity()=1.85, getMeltingPoint()=1560.15, getBoilingPoint()=2742, getIsotopes()=6, getDiscoverer()=Vaulquelin, getYearOfDiscovery()=1798, getSpecificHeatCapacity()=1.825, getElectronConfiguration()=[He] 2s2, getDisplayRow()=2, getDisplayColumn()=2, getClass()=class main.java.PeriodicElement, toString()=main.java.PeriodicElement@4b8dff1d]
2509 [main] DEBUG main.java.Provider  - Adding:PeriodicElement [AtomicNumber=5, ElementSymbol=Boron, AtomicWeight=B, Period=10.811, Group=2, Phase=13, MostStableCrystal=solid, Type=rho, IonicRadius=Metalloid, AtomicRadius=0.23, Electronegativity=1.2, FirstIonization=2.04, Potential=8.298, Density=2.34, MeltingPoint=2573.15, BoilingPoint=4200, Isotopes=6, Discoverer=Gay-Lussac, YearOfDiscovery=1808, SpecificHeatCapacity=1.026, ElectronConfiguration=[He] 2s2 2p1, DisplayRow=2, DisplayColumn=13, hashCode()=-1503773685, getAtomicNumber()=5, getElementSymbol()=Boron, getAtomicWeight()=B, getPeriod()=10.811, getGroup()=2, getPhase()=13, getMostStableCrystal()=solid, getType()=rho, getIonicRadius()=Metalloid, getAtomicRadius()=0.23, getElectronegativity()=1.2, getFirstIonization()=2.04, getPotential()=8.298, getDensity()=2.34, getMeltingPoint()=2573.15, getBoilingPoint()=4200, getIsotopes()=6, getDiscoverer()=Gay-Lussac, getYearOfDiscovery()=1808, getSpecificHeatCapacity()=1.026, getElectronConfiguration()=[He] 2s2 2p1, getDisplayRow()=2, getDisplayColumn()=13, getClass()=class main.java.PeriodicElement, toString()=main.java.PeriodicElement@a65e3c0b]
2510 [main] DEBUG main.java.Provider  - Adding:PeriodicElement [AtomicNumber=6, ElementSymbol=Carbon, AtomicWeight=C, Period=12.0107, Group=2, Phase=14, MostStableCrystal=solid, Type=hex, IonicRadius=Nonmetal, AtomicRadius=, Electronegativity=0.91, FirstIonization=2.55, Potential=11.2603, Density=2.267, MeltingPoint=3948.15, BoilingPoint=4300, Isotopes=7, Discoverer=Prehistoric, YearOfDiscovery=, SpecificHeatCapacity=0.709, ElectronConfiguration=[He] 2s2 2p2, DisplayRow=2, DisplayColumn=14, hashCode()=-2024767978, getAtomicNumber()=6, getElementSymbol()=Carbon, getAtomicWeight()=C, getPeriod()=12.0107, getGroup()=2, getPhase()=14, getMostStableCrystal()=solid, getType()=hex, getIonicRadius()=Nonmetal, getAtomicRadius()=, getElectronegativity()=0.91, getFirstIonization()=2.55, getPotential()=11.2603, getDensity()=2.267, getMeltingPoint()=3948.15, getBoilingPoint()=4300, getIsotopes()=7, getDiscoverer()=Prehistoric, getYearOfDiscovery()=, getSpecificHeatCapacity()=0.709, getElectronConfiguration()=[He] 2s2 2p2, getDisplayRow()=2, getDisplayColumn()=14, getClass()=class main.java.PeriodicElement, toString()=main.java.PeriodicElement@87507e16]
2511 [main] DEBUG main.java.Provider  - Adding:PeriodicElement [AtomicNumber=7, ElementSymbol=Nitrogen, AtomicWeight=N, Period=14.0067, Group=2, Phase=15, MostStableCrystal=gas, Type=, IonicRadius=Nonmetal, AtomicRadius=0.13, Electronegativity=0.75, FirstIonization=3.04, Potential=14.5341, Density=0.0012506, MeltingPoint=63.29, BoilingPoint=77.36, Isotopes=8, Discoverer=Rutherford, YearOfDiscovery=1772, SpecificHeatCapacity=1.04, ElectronConfiguration=[He] 2s2 2p3, DisplayRow=2, DisplayColumn=15, hashCode()=-1529524175, getAtomicNumber()=7, getElementSymbol()=Nitrogen, getAtomicWeight()=N, getPeriod()=14.0067, getGroup()=2, getPhase()=15, getMostStableCrystal()=gas, getType()=, getIonicRadius()=Nonmetal, getAtomicRadius()=0.13, getElectronegativity()=0.75, getFirstIonization()=3.04, getPotential()=14.5341, getDensity()=0.0012506, getMeltingPoint()=63.29, getBoilingPoint()=77.36, getIsotopes()=8, getDiscoverer()=Rutherford, getYearOfDiscovery()=1772, getSpecificHeatCapacity()=1.04, getElectronConfiguration()=[He] 2s2 2p3, getDisplayRow()=2, getDisplayColumn()=15, getClass()=class main.java.PeriodicElement, toString()=main.java.PeriodicElement@a4d55031]
2512 [main] DEBUG main.java.Provider  - Adding:PeriodicElement [AtomicNumber=8, ElementSymbol=Oxygen, AtomicWeight=O, Period=15.9994, Group=2, Phase=16, MostStableCrystal=gas, Type=, IonicRadius=Nonmetal, AtomicRadius=1.4, Electronegativity=0.65, FirstIonization=3.44, Potential=13.6181, Density=0.001429, MeltingPoint=50.5, BoilingPoint=90.2, Isotopes=8, Discoverer=Priestley/Scheele, YearOfDiscovery=1774, SpecificHeatCapacity=0.918, ElectronConfiguration=[He] 2s2 2p4, DisplayRow=2, DisplayColumn=16, hashCode()=1533856652, getAtomicNumber()=8, getElementSymbol()=Oxygen, getAtomicWeight()=O, getPeriod()=15.9994, getGroup()=2, getPhase()=16, getMostStableCrystal()=gas, getType()=, getIonicRadius()=Nonmetal, getAtomicRadius()=1.4, getElectronegativity()=0.65, getFirstIonization()=3.44, getPotential()=13.6181, getDensity()=0.001429, getMeltingPoint()=50.5, getBoilingPoint()=90.2, getIsotopes()=8, getDiscoverer()=Priestley/Scheele, getYearOfDiscovery()=1774, getSpecificHeatCapacity()=0.918, getElectronConfiguration()=[He] 2s2 2p4, getDisplayRow()=2, getDisplayColumn()=16, getClass()=class main.java.PeriodicElement, toString()=main.java.PeriodicElement@5b6ccb8c]
2514 [main] DEBUG main.java.Provider  - Adding:PeriodicElement [AtomicNumber=9, ElementSymbol=Fluorine, AtomicWeight=F, Period=18.9984032, Group=2, Phase=17, MostStableCrystal=gas, Type=, IonicRadius=Halogen, AtomicRadius=1.3, Electronegativity=0.57, FirstIonization=3.98, Potential=17.4228, Density=0.001696, MeltingPoint=53.63, BoilingPoint=85.03, Isotopes=6, Discoverer=Moissan, YearOfDiscovery=1886, SpecificHeatCapacity=0.824, ElectronConfiguration=[He] 2s2 2p5, DisplayRow=2, DisplayColumn=17, hashCode()=-1895686076, getAtomicNumber()=9, getElementSymbol()=Fluorine, getAtomicWeight()=F, getPeriod()=18.9984032, getGroup()=2, getPhase()=17, getMostStableCrystal()=gas, getType()=, getIonicRadius()=Halogen, getAtomicRadius()=1.3, getElectronegativity()=0.57, getFirstIonization()=3.98, getPotential()=17.4228, getDensity()=0.001696, getMeltingPoint()=53.63, getBoilingPoint()=85.03, getIsotopes()=6, getDiscoverer()=Moissan, getYearOfDiscovery()=1886, getSpecificHeatCapacity()=0.824, getElectronConfiguration()=[He] 2s2 2p5, getDisplayRow()=2, getDisplayColumn()=17, getClass()=class main.java.PeriodicElement, toString()=main.java.PeriodicElement@8f022044]
2516 [main] DEBUG main.java.Provider  - Adding:PeriodicElement [AtomicNumber=10, ElementSymbol=Neon, AtomicWeight=Ne, Period=20.1797, Group=2, Phase=18, MostStableCrystal=gas, Type=, IonicRadius=Noble Gas, AtomicRadius=, Electronegativity=0.51, FirstIonization=, Potential=21.5645, Density=0.0008999, MeltingPoint=24.703, BoilingPoint=27.07, Isotopes=8, Discoverer=Ramsay and Travers, YearOfDiscovery=1898, SpecificHeatCapacity=1.03, ElectronConfiguration=[He] 2s2 2p6, DisplayRow=2, DisplayColumn=18, hashCode()=-567683862, getAtomicNumber()=10, getElementSymbol()=Neon, getAtomicWeight()=Ne, getPeriod()=20.1797, getGroup()=2, getPhase()=18, getMostStableCrystal()=gas, getType()=, getIonicRadius()=Noble Gas, getAtomicRadius()=, getElectronegativity()=0.51, getFirstIonization()=, getPotential()=21.5645, getDensity()=0.0008999, getMeltingPoint()=24.703, getBoilingPoint()=27.07, getIsotopes()=8, getDiscoverer()=Ramsay and Travers, getYearOfDiscovery()=1898, getSpecificHeatCapacity()=1.03, getElectronConfiguration()=[He] 2s2 2p6, getDisplayRow()=2, getDisplayColumn()=18, getClass()=class main.java.PeriodicElement, toString()=main.java.PeriodicElement@de29d4ea]
2517 [main] DEBUG main.java.Provider  - Adding:PeriodicElement [AtomicNumber=11, ElementSymbol=Sodium, AtomicWeight=Na, Period=22.98976928, Group=3, Phase=1, MostStableCrystal=solid, Type=bcc, IonicRadius=Alkali Metal, AtomicRadius=1, Electronegativity=2.2, FirstIonization=0.93, Potential=5.1391, Density=0.971, MeltingPoint=371.15, BoilingPoint=1156, Isotopes=7, Discoverer=Davy, YearOfDiscovery=1807, SpecificHeatCapacity=1.228, ElectronConfiguration=[Ne] 3s1, DisplayRow=3, DisplayColumn=1, hashCode()=411041110, getAtomicNumber()=11, getElementSymbol()=Sodium, getAtomicWeight()=Na, getPeriod()=22.98976928, getGroup()=3, getPhase()=1, getMostStableCrystal()=solid, getType()=bcc, getIonicRadius()=Alkali Metal, getAtomicRadius()=1, getElectronegativity()=2.2, getFirstIonization()=0.93, getPotential()=5.1391, getDensity()=0.971, getMeltingPoint()=371.15, getBoilingPoint()=1156, getIsotopes()=7, getDiscoverer()=Davy, getYearOfDiscovery()=1807, getSpecificHeatCapacity()=1.228, getElectronConfiguration()=[Ne] 3s1, getDisplayRow()=3, getDisplayColumn()=1, getClass()=class main.java.PeriodicElement, toString()=main.java.PeriodicElement@187ffd56]
2517 [main] DEBUG main.java.Provider  - Adding:PeriodicElement [AtomicNumber=12, ElementSymbol=Magnesium, AtomicWeight=Mg, Period=24.305, Group=3, Phase=2, MostStableCrystal=solid, Type=hex, IonicRadius=Alkaline Earth Metal, AtomicRadius=0.72, Electronegativity=1.7, FirstIonization=1.31, Potential=7.6462, Density=1.738, MeltingPoint=923.15, BoilingPoint=1363, Isotopes=8, Discoverer=Black, YearOfDiscovery=1755, SpecificHeatCapacity=1.023, ElectronConfiguration=[Ne] 3s2, DisplayRow=3, DisplayColumn=2, hashCode()=1886579053, getAtomicNumber()=12, getElementSymbol()=Magnesium, getAtomicWeight()=Mg, getPeriod()=24.305, getGroup()=3, getPhase()=2, getMostStableCrystal()=solid, getType()=hex, getIonicRadius()=Alkaline Earth Metal, getAtomicRadius()=0.72, getElectronegativity()=1.7, getFirstIonization()=1.31, getPotential()=7.6462, getDensity()=1.738, getMeltingPoint()=923.15, getBoilingPoint()=1363, getIsotopes()=8, getDiscoverer()=Black, getYearOfDiscovery()=1755, getSpecificHeatCapacity()=1.023, getElectronConfiguration()=[Ne] 3s2, getDisplayRow()=3, getDisplayColumn()=2, getClass()=class main.java.PeriodicElement, toString()=main.java.PeriodicElement@7072e96d]
2518 [main] DEBUG main.java.Provider  - Adding:PeriodicElement [AtomicNumber=13, ElementSymbol=Aluminum, AtomicWeight=Al, Period=26.9815386, Group=3, Phase=13, MostStableCrystal=solid, Type=fcc, IonicRadius=Metal, AtomicRadius=0.54, Electronegativity=1.8, FirstIonization=1.61, Potential=5.9858, Density=2.698, MeltingPoint=933.4, BoilingPoint=2792, Isotopes=8, Discoverer=Wšhler, YearOfDiscovery=1827, SpecificHeatCapacity=0.897, ElectronConfiguration=[Ne] 3s2 3p1, DisplayRow=3, DisplayColumn=13, hashCode()=-944610419, getAtomicNumber()=13, getElementSymbol()=Aluminum, getAtomicWeight()=Al, getPeriod()=26.9815386, getGroup()=3, getPhase()=13, getMostStableCrystal()=solid, getType()=fcc, getIonicRadius()=Metal, getAtomicRadius()=0.54, getElectronegativity()=1.8, getFirstIonization()=1.61, getPotential()=5.9858, getDensity()=2.698, getMeltingPoint()=933.4, getBoilingPoint()=2792, getIsotopes()=8, getDiscoverer()=Wšhler, getYearOfDiscovery()=1827, getSpecificHeatCapacity()=0.897, getElectronConfiguration()=[Ne] 3s2 3p1, getDisplayRow()=3, getDisplayColumn()=13, getClass()=class main.java.PeriodicElement, toString()=main.java.PeriodicElement@c7b2638d]
2519 [main] DEBUG main.java.Provider  - Adding:PeriodicElement [AtomicNumber=14, ElementSymbol=Silicon, AtomicWeight=Si, Period=28.0855, Group=3, Phase=14, MostStableCrystal=solid, Type=fcc, IonicRadius=Metalloid, AtomicRadius=0.4, Electronegativity=1.5, FirstIonization=1.9, Potential=8.1517, Density=2.3296, MeltingPoint=1683.15, BoilingPoint=3538, Isotopes=8, Discoverer=Berzelius, YearOfDiscovery=1824, SpecificHeatCapacity=0.705, ElectronConfiguration=[Ne] 3s2 3p2, DisplayRow=3, DisplayColumn=14, hashCode()=1522474350, getAtomicNumber()=14, getElementSymbol()=Silicon, getAtomicWeight()=Si, getPeriod()=28.0855, getGroup()=3, getPhase()=14, getMostStableCrystal()=solid, getType()=fcc, getIonicRadius()=Metalloid, getAtomicRadius()=0.4, getElectronegativity()=1.5, getFirstIonization()=1.9, getPotential()=8.1517, getDensity()=2.3296, getMeltingPoint()=1683.15, getBoilingPoint()=3538, getIsotopes()=8, getDiscoverer()=Berzelius, getYearOfDiscovery()=1824, getSpecificHeatCapacity()=0.705, getElectronConfiguration()=[Ne] 3s2 3p2, getDisplayRow()=3, getDisplayColumn()=14, getClass()=class main.java.PeriodicElement, toString()=main.java.PeriodicElement@5abf1d6e]
2521 [main] DEBUG main.java.Provider  - Adding:PeriodicElement [AtomicNumber=15, ElementSymbol=Phosphorus, AtomicWeight=P, Period=30.973762, Group=3, Phase=15, MostStableCrystal=solid, Type=cub, IonicRadius=Nonmetal, AtomicRadius=0.38, Electronegativity=1.2, FirstIonization=2.19, Potential=10.4867, Density=1.82, MeltingPoint=317.25, BoilingPoint=553, Isotopes=7, Discoverer=BranBrand, YearOfDiscovery=1669, SpecificHeatCapacity=0.769, ElectronConfiguration=[Ne] 3s2 3p3, DisplayRow=3, DisplayColumn=15, hashCode()=511799426, getAtomicNumber()=15, getElementSymbol()=Phosphorus, getAtomicWeight()=P, getPeriod()=30.973762, getGroup()=3, getPhase()=15, getMostStableCrystal()=solid, getType()=cub, getIonicRadius()=Nonmetal, getAtomicRadius()=0.38, getElectronegativity()=1.2, getFirstIonization()=2.19, getPotential()=10.4867, getDensity()=1.82, getMeltingPoint()=317.25, getBoilingPoint()=553, getIsotopes()=7, getDiscoverer()=BranBrand, getYearOfDiscovery()=1669, getSpecificHeatCapacity()=0.769, getElectronConfiguration()=[Ne] 3s2 3p3, getDisplayRow()=3, getDisplayColumn()=15, getClass()=class main.java.PeriodicElement, toString()=main.java.PeriodicElement@1e817082]
2522 [main] DEBUG main.java.Provider  - Adding:PeriodicElement [AtomicNumber=16, ElementSymbol=Sulfur, AtomicWeight=S, Period=32.065, Group=3, Phase=16, MostStableCrystal=solid, Type=orth, IonicRadius=Nonmetal, AtomicRadius=0.37, Electronegativity=1.1, FirstIonization=2.58, Potential=10.36, Density=2.067, MeltingPoint=388.51, BoilingPoint=717.8, Isotopes=10, Discoverer=Prehistoric, YearOfDiscovery=, SpecificHeatCapacity=0.71, ElectronConfiguration=[Ne] 3s2 3p4, DisplayRow=3, DisplayColumn=16, hashCode()=-1295985107, getAtomicNumber()=16, getElementSymbol()=Sulfur, getAtomicWeight()=S, getPeriod()=32.065, getGroup()=3, getPhase()=16, getMostStableCrystal()=solid, getType()=orth, getIonicRadius()=Nonmetal, getAtomicRadius()=0.37, getElectronegativity()=1.1, getFirstIonization()=2.58, getPotential()=10.36, getDensity()=2.067, getMeltingPoint()=388.51, getBoilingPoint()=717.8, getIsotopes()=10, getDiscoverer()=Prehistoric, getYearOfDiscovery()=, getSpecificHeatCapacity()=0.71, getElectronConfiguration()=[Ne] 3s2 3p4, getDisplayRow()=3, getDisplayColumn()=16, getClass()=class main.java.PeriodicElement, toString()=main.java.PeriodicElement@b2c0d62d]
2523 [main] DEBUG main.java.Provider  - Adding:PeriodicElement [AtomicNumber=17, ElementSymbol=Chlorine, AtomicWeight=Cl, Period=35.453, Group=3, Phase=17, MostStableCrystal=gas, Type=, IonicRadius=Halogen, AtomicRadius=1.8, Electronegativity=0.97, FirstIonization=3.16, Potential=12.9676, Density=0.003214, MeltingPoint=172.31, BoilingPoint=239.11, Isotopes=11, Discoverer=Scheele, YearOfDiscovery=1774, SpecificHeatCapacity=0.479, ElectronConfiguration=[Ne] 3s2 3p5, DisplayRow=3, DisplayColumn=17, hashCode()=1370044568, getAtomicNumber()=17, getElementSymbol()=Chlorine, getAtomicWeight()=Cl, getPeriod()=35.453, getGroup()=3, getPhase()=17, getMostStableCrystal()=gas, getType()=, getIonicRadius()=Halogen, getAtomicRadius()=1.8, getElectronegativity()=0.97, getFirstIonization()=3.16, getPotential()=12.9676, getDensity()=0.003214, getMeltingPoint()=172.31, getBoilingPoint()=239.11, getIsotopes()=11, getDiscoverer()=Scheele, getYearOfDiscovery()=1774, getSpecificHeatCapacity()=0.479, getElectronConfiguration()=[Ne] 3s2 3p5, getDisplayRow()=3, getDisplayColumn()=17, getClass()=class main.java.PeriodicElement, toString()=main.java.PeriodicElement@51a93898]
2524 [main] DEBUG main.java.Provider  - Adding:PeriodicElement [AtomicNumber=18, ElementSymbol=Argon, AtomicWeight=Ar, Period=39.948, Group=3, Phase=18, MostStableCrystal=gas, Type=, IonicRadius=Noble Gas, AtomicRadius=, Electronegativity=0.88, FirstIonization=, Potential=15.7596, Density=0.0017837, MeltingPoint=83.96, BoilingPoint=87.3, Isotopes=8, Discoverer=Rayleigh and Ramsay, YearOfDiscovery=1894, SpecificHeatCapacity=0.52, ElectronConfiguration=[Ne] 3s2 3p6, DisplayRow=3, DisplayColumn=18, hashCode()=-998731224, getAtomicNumber()=18, getElementSymbol()=Argon, getAtomicWeight()=Ar, getPeriod()=39.948, getGroup()=3, getPhase()=18, getMostStableCrystal()=gas, getType()=, getIonicRadius()=Noble Gas, getAtomicRadius()=, getElectronegativity()=0.88, getFirstIonization()=, getPotential()=15.7596, getDensity()=0.0017837, getMeltingPoint()=83.96, getBoilingPoint()=87.3, getIsotopes()=8, getDiscoverer()=Rayleigh and Ramsay, getYearOfDiscovery()=1894, getSpecificHeatCapacity()=0.52, getElectronConfiguration()=[Ne] 3s2 3p6, getDisplayRow()=3, getDisplayColumn()=18, getClass()=class main.java.PeriodicElement, toString()=main.java.PeriodicElement@c4789228]
2524 [main] DEBUG main.java.Provider  - Adding:PeriodicElement [AtomicNumber=19, ElementSymbol=Potassium, AtomicWeight=K, Period=39.0983, Group=4, Phase=1, MostStableCrystal=solid, Type=bcc, IonicRadius=Alkali Metal, AtomicRadius=1.4, Electronegativity=2.8, FirstIonization=0.82, Potential=4.3407, Density=0.862, MeltingPoint=336.5, BoilingPoint=1032, Isotopes=10, Discoverer=Davy, YearOfDiscovery=1807, SpecificHeatCapacity=0.757, ElectronConfiguration=[Ar] 4s1, DisplayRow=4, DisplayColumn=1, hashCode()=-1835237926, getAtomicNumber()=19, getElementSymbol()=Potassium, getAtomicWeight()=K, getPeriod()=39.0983, getGroup()=4, getPhase()=1, getMostStableCrystal()=solid, getType()=bcc, getIonicRadius()=Alkali Metal, getAtomicRadius()=1.4, getElectronegativity()=2.8, getFirstIonization()=0.82, getPotential()=4.3407, getDensity()=0.862, getMeltingPoint()=336.5, getBoilingPoint()=1032, getIsotopes()=10, getDiscoverer()=Davy, getYearOfDiscovery()=1807, getSpecificHeatCapacity()=0.757, getElectronConfiguration()=[Ar] 4s1, getDisplayRow()=4, getDisplayColumn()=1, getClass()=class main.java.PeriodicElement, toString()=main.java.PeriodicElement@929c7dda]
2524 [main] DEBUG main.java.Provider  - Adding:PeriodicElement [AtomicNumber=20, ElementSymbol=Calcium, AtomicWeight=Ca, Period=40.078, Group=4, Phase=2, MostStableCrystal=solid, Type=fcc, IonicRadius=Alkaline Earth Metal, AtomicRadius=0.99, Electronegativity=2.2, FirstIonization=1, Potential=6.1132, Density=1.54, MeltingPoint=1112.15, BoilingPoint=1757, Isotopes=14, Discoverer=Davy, YearOfDiscovery=1808, SpecificHeatCapacity=0.647, ElectronConfiguration=[Ar] 4s2, DisplayRow=4, DisplayColumn=2, hashCode()=857626723, getAtomicNumber()=20, getElementSymbol()=Calcium, getAtomicWeight()=Ca, getPeriod()=40.078, getGroup()=4, getPhase()=2, getMostStableCrystal()=solid, getType()=fcc, getIonicRadius()=Alkaline Earth Metal, getAtomicRadius()=0.99, getElectronegativity()=2.2, getFirstIonization()=1, getPotential()=6.1132, getDensity()=1.54, getMeltingPoint()=1112.15, getBoilingPoint()=1757, getIsotopes()=14, getDiscoverer()=Davy, getYearOfDiscovery()=1808, getSpecificHeatCapacity()=0.647, getElectronConfiguration()=[Ar] 4s2, getDisplayRow()=4, getDisplayColumn()=2, getClass()=class main.java.PeriodicElement, toString()=main.java.PeriodicElement@331e5863]
2524 [main] DEBUG main.java.Provider  - Adding:PeriodicElement [AtomicNumber=21, ElementSymbol=Scandium, AtomicWeight=Sc, Period=44.955912, Group=4, Phase=3, MostStableCrystal=solid, Type=hex, IonicRadius=Transition Metal, AtomicRadius=0.75, Electronegativity=2.1, FirstIonization=1.36, Potential=6.5615, Density=2.989, MeltingPoint=1812.15, BoilingPoint=3109, Isotopes=15, Discoverer=Nilson, YearOfDiscovery=1878, SpecificHeatCapacity=0.568, ElectronConfiguration=[Ar] 3d1 4s2, DisplayRow=4, DisplayColumn=3, hashCode()=-2005822758, getAtomicNumber()=21, getElementSymbol()=Scandium, getAtomicWeight()=Sc, getPeriod()=44.955912, getGroup()=4, getPhase()=3, getMostStableCrystal()=solid, getType()=hex, getIonicRadius()=Transition Metal, getAtomicRadius()=0.75, getElectronegativity()=2.1, getFirstIonization()=1.36, getPotential()=6.5615, getDensity()=2.989, getMeltingPoint()=1812.15, getBoilingPoint()=3109, getIsotopes()=15, getDiscoverer()=Nilson, getYearOfDiscovery()=1878, getSpecificHeatCapacity()=0.568, getElectronConfiguration()=[Ar] 3d1 4s2, getDisplayRow()=4, getDisplayColumn()=3, getClass()=class main.java.PeriodicElement, toString()=main.java.PeriodicElement@887192da]
2525 [main] DEBUG main.java.Provider  - Adding:PeriodicElement [AtomicNumber=22, ElementSymbol=Titanium, AtomicWeight=Ti, Period=47.867, Group=4, Phase=4, MostStableCrystal=solid, Type=hex, IonicRadius=Transition Metal, AtomicRadius=0.61, Electronegativity=2, FirstIonization=1.54, Potential=6.8281, Density=4.54, MeltingPoint=1933.15, BoilingPoint=3560, Isotopes=9, Discoverer=Gregor, YearOfDiscovery=1791, SpecificHeatCapacity=0.523, ElectronConfiguration=[Ar] 3d2 4s2, DisplayRow=4, DisplayColumn=4, hashCode()=-1203007780, getAtomicNumber()=22, getElementSymbol()=Titanium, getAtomicWeight()=Ti, getPeriod()=47.867, getGroup()=4, getPhase()=4, getMostStableCrystal()=solid, getType()=hex, getIonicRadius()=Transition Metal, getAtomicRadius()=0.61, getElectronegativity()=2, getFirstIonization()=1.54, getPotential()=6.8281, getDensity()=4.54, getMeltingPoint()=1933.15, getBoilingPoint()=3560, getIsotopes()=9, getDiscoverer()=Gregor, getYearOfDiscovery()=1791, getSpecificHeatCapacity()=0.523, getElectronConfiguration()=[Ar] 3d2 4s2, getDisplayRow()=4, getDisplayColumn()=4, getClass()=class main.java.PeriodicElement, toString()=main.java.PeriodicElement@b84b8edc]
2525 [main] DEBUG main.java.Provider  - Adding:PeriodicElement [AtomicNumber=23, ElementSymbol=Vanadium, AtomicWeight=V, Period=50.9415, Group=4, Phase=5, MostStableCrystal=solid, Type=bcc, IonicRadius=Transition Metal, AtomicRadius=0.59, Electronegativity=1.9, FirstIonization=1.63, Potential=6.7462, Density=6.11, MeltingPoint=2175.15, BoilingPoint=3680, Isotopes=9, Discoverer=   del Rio, YearOfDiscovery=1801, SpecificHeatCapacity=0.489, ElectronConfiguration=[Ar] 3d3 4s2, DisplayRow=4, DisplayColumn=5, hashCode()=1093058416, getAtomicNumber()=23, getElementSymbol()=Vanadium, getAtomicWeight()=V, getPeriod()=50.9415, getGroup()=4, getPhase()=5, getMostStableCrystal()=solid, getType()=bcc, getIonicRadius()=Transition Metal, getAtomicRadius()=0.59, getElectronegativity()=1.9, getFirstIonization()=1.63, getPotential()=6.7462, getDensity()=6.11, getMeltingPoint()=2175.15, getBoilingPoint()=3680, getIsotopes()=9, getDiscoverer()=   del Rio, getYearOfDiscovery()=1801, getSpecificHeatCapacity()=0.489, getElectronConfiguration()=[Ar] 3d3 4s2, getDisplayRow()=4, getDisplayColumn()=5, getClass()=class main.java.PeriodicElement, toString()=main.java.PeriodicElement@4126bf70]
2525 [main] DEBUG main.java.Provider  - Adding:PeriodicElement [AtomicNumber=24, ElementSymbol=Chromium, AtomicWeight=Cr, Period=51.9961, Group=4, Phase=6, MostStableCrystal=solid, Type=bcc, IonicRadius=Transition Metal, AtomicRadius=0.52, Electronegativity=1.9, FirstIonization=1.66, Potential=6.7665, Density=7.15, MeltingPoint=2130.15, BoilingPoint=2944, Isotopes=9, Discoverer=Vauquelin, YearOfDiscovery=1797, SpecificHeatCapacity=0.449, ElectronConfiguration=[Ar] 3d5 4s1, DisplayRow=4, DisplayColumn=6, hashCode()=-468742261, getAtomicNumber()=24, getElementSymbol()=Chromium, getAtomicWeight()=Cr, getPeriod()=51.9961, getGroup()=4, getPhase()=6, getMostStableCrystal()=solid, getType()=bcc, getIonicRadius()=Transition Metal, getAtomicRadius()=0.52, getElectronegativity()=1.9, getFirstIonization()=1.66, getPotential()=6.7665, getDensity()=7.15, getMeltingPoint()=2130.15, getBoilingPoint()=2944, getIsotopes()=9, getDiscoverer()=Vauquelin, getYearOfDiscovery()=1797, getSpecificHeatCapacity()=0.449, getElectronConfiguration()=[Ar] 3d5 4s1, getDisplayRow()=4, getDisplayColumn()=6, getClass()=class main.java.PeriodicElement, toString()=main.java.PeriodicElement@e40f8f8b]
2525 [main] DEBUG main.java.Provider  - Adding:PeriodicElement [AtomicNumber=25, ElementSymbol=Manganese, AtomicWeight=Mn, Period=54.938045, Group=4, Phase=7, MostStableCrystal=solid, Type=bcc, IonicRadius=Transition Metal, AtomicRadius=0.46, Electronegativity=1.8, FirstIonization=1.55, Potential=7.434, Density=7.44, MeltingPoint=1519.15, BoilingPoint=2334, Isotopes=11, Discoverer=&quot;Gahn  Scheele&quot; , YearOfDiscovery=1774, SpecificHeatCapacity=0.479, ElectronConfiguration=[Ar] 3d5 4s2, DisplayRow=4, DisplayColumn=7, hashCode()=1266160616, getAtomicNumber()=25, getElementSymbol()=Manganese, getAtomicWeight()=Mn, getPeriod()=54.938045, getGroup()=4, getPhase()=7, getMostStableCrystal()=solid, getType()=bcc, getIonicRadius()=Transition Metal, getAtomicRadius()=0.46, getElectronegativity()=1.8, getFirstIonization()=1.55, getPotential()=7.434, getDensity()=7.44, getMeltingPoint()=1519.15, getBoilingPoint()=2334, getIsotopes()=11, getDiscoverer()=&quot;Gahn  Scheele&quot; , getYearOfDiscovery()=1774, getSpecificHeatCapacity()=0.479, getElectronConfiguration()=[Ar] 3d5 4s2, getDisplayRow()=4, getDisplayColumn()=7, getClass()=class main.java.PeriodicElement, toString()=main.java.PeriodicElement@4b7813e8]
2526 [main] DEBUG main.java.Provider  - Adding:PeriodicElement [AtomicNumber=26, ElementSymbol=Iron, AtomicWeight=Fe, Period=55.845, Group=4, Phase=8, MostStableCrystal=solid, Type=bcc, IonicRadius=Transition Metal, AtomicRadius=0.65, Electronegativity=1.7, FirstIonization=1.83, Potential=7.9024, Density=7.874, MeltingPoint=1808.15, BoilingPoint=3134, Isotopes=10, Discoverer=Prehistoric, YearOfDiscovery=, SpecificHeatCapacity=0.449, ElectronConfiguration=[Ar] 3d6 4s2, DisplayRow=4, DisplayColumn=8, hashCode()=-38555014, getAtomicNumber()=26, getElementSymbol()=Iron, getAtomicWeight()=Fe, getPeriod()=55.845, getGroup()=4, getPhase()=8, getMostStableCrystal()=solid, getType()=bcc, getIonicRadius()=Transition Metal, getAtomicRadius()=0.65, getElectronegativity()=1.7, getFirstIonization()=1.83, getPotential()=7.9024, getDensity()=7.874, getMeltingPoint()=1808.15, getBoilingPoint()=3134, getIsotopes()=10, getDiscoverer()=Prehistoric, getYearOfDiscovery()=, getSpecificHeatCapacity()=0.449, getElectronConfiguration()=[Ar] 3d6 4s2, getDisplayRow()=4, getDisplayColumn()=8, getClass()=class main.java.PeriodicElement, toString()=main.java.PeriodicElement@fdb3b27a]
2526 [main] DEBUG main.java.Provider  - Adding:PeriodicElement [AtomicNumber=27, ElementSymbol=Cobalt, AtomicWeight=Co, Period=58.933195, Group=4, Phase=9, MostStableCrystal=solid, Type=hex, IonicRadius=Transition Metal, AtomicRadius=0.75, Electronegativity=1.7, FirstIonization=1.88, Potential=7.881, Density=8.86, MeltingPoint=1768.15, BoilingPoint=3200, Isotopes=14, Discoverer=Brandt, YearOfDiscovery=1735, SpecificHeatCapacity=0.421, ElectronConfiguration=[Ar] 3d7 4s2, DisplayRow=4, DisplayColumn=9, hashCode()=635577509, getAtomicNumber()=27, getElementSymbol()=Cobalt, getAtomicWeight()=Co, getPeriod()=58.933195, getGroup()=4, getPhase()=9, getMostStableCrystal()=solid, getType()=hex, getIonicRadius()=Transition Metal, getAtomicRadius()=0.75, getElectronegativity()=1.7, getFirstIonization()=1.88, getPotential()=7.881, getDensity()=8.86, getMeltingPoint()=1768.15, getBoilingPoint()=3200, getIsotopes()=14, getDiscoverer()=Brandt, getYearOfDiscovery()=1735, getSpecificHeatCapacity()=0.421, getElectronConfiguration()=[Ar] 3d7 4s2, getDisplayRow()=4, getDisplayColumn()=9, getClass()=class main.java.PeriodicElement, toString()=main.java.PeriodicElement@25e224a5]
2526 [main] DEBUG main.java.Provider  - Adding:PeriodicElement [AtomicNumber=28, ElementSymbol=Nickel, AtomicWeight=Ni, Period=58.6934, Group=4, Phase=10, MostStableCrystal=solid, Type=fcc, IonicRadius=Transition Metal, AtomicRadius=0.69, Electronegativity=1.6, FirstIonization=1.91, Potential=7.6398, Density=8.912, MeltingPoint=1726.15, BoilingPoint=3186, Isotopes=11, Discoverer=Cronstedt, YearOfDiscovery=1751, SpecificHeatCapacity=0.444, ElectronConfiguration=[Ar] 3d8 4s2, DisplayRow=4, DisplayColumn=10, hashCode()=951272381, getAtomicNumber()=28, getElementSymbol()=Nickel, getAtomicWeight()=Ni, getPeriod()=58.6934, getGroup()=4, getPhase()=10, getMostStableCrystal()=solid, getType()=fcc, getIonicRadius()=Transition Metal, getAtomicRadius()=0.69, getElectronegativity()=1.6, getFirstIonization()=1.91, getPotential()=7.6398, getDensity()=8.912, getMeltingPoint()=1726.15, getBoilingPoint()=3186, getIsotopes()=11, getDiscoverer()=Cronstedt, getYearOfDiscovery()=1751, getSpecificHeatCapacity()=0.444, getElectronConfiguration()=[Ar] 3d8 4s2, getDisplayRow()=4, getDisplayColumn()=10, getClass()=class main.java.PeriodicElement, toString()=main.java.PeriodicElement@38b343bd]
2527 [main] DEBUG main.java.Provider  - Adding:PeriodicElement [AtomicNumber=29, ElementSymbol=Copper, AtomicWeight=Cu, Period=63.546, Group=4, Phase=11, MostStableCrystal=solid, Type=fcc, IonicRadius=Transition Metal, AtomicRadius=0.73, Electronegativity=1.6, FirstIonization=1.9, Potential=7.7264, Density=8.96, MeltingPoint=1357.75, BoilingPoint=2835, Isotopes=11, Discoverer=Prehistoric, YearOfDiscovery=, SpecificHeatCapacity=0.385, ElectronConfiguration=[Ar] 3d10 4s1, DisplayRow=4, DisplayColumn=11, hashCode()=1056045305, getAtomicNumber()=29, getElementSymbol()=Copper, getAtomicWeight()=Cu, getPeriod()=63.546, getGroup()=4, getPhase()=11, getMostStableCrystal()=solid, getType()=fcc, getIonicRadius()=Transition Metal, getAtomicRadius()=0.73, getElectronegativity()=1.6, getFirstIonization()=1.9, getPotential()=7.7264, getDensity()=8.96, getMeltingPoint()=1357.75, getBoilingPoint()=2835, getIsotopes()=11, getDiscoverer()=Prehistoric, getYearOfDiscovery()=, getSpecificHeatCapacity()=0.385, getElectronConfiguration()=[Ar] 3d10 4s1, getDisplayRow()=4, getDisplayColumn()=11, getClass()=class main.java.PeriodicElement, toString()=main.java.PeriodicElement@3ef1f8f9]
2527 [main] DEBUG main.java.Provider  - Adding:PeriodicElement [AtomicNumber=30, ElementSymbol=Zinc, AtomicWeight=Zn, Period=65.38, Group=4, Phase=12, MostStableCrystal=solid, Type=hex, IonicRadius=Transition Metal, AtomicRadius=0.74, Electronegativity=1.5, FirstIonization=1.65, Potential=9.3942, Density=7.134, MeltingPoint=692.88, BoilingPoint=1180, Isotopes=15, Discoverer=Prehistoric, YearOfDiscovery=, SpecificHeatCapacity=0.388, ElectronConfiguration=[Ar] 3d10 4s2, DisplayRow=4, DisplayColumn=12, hashCode()=-1915882245, getAtomicNumber()=30, getElementSymbol()=Zinc, getAtomicWeight()=Zn, getPeriod()=65.38, getGroup()=4, getPhase()=12, getMostStableCrystal()=solid, getType()=hex, getIonicRadius()=Transition Metal, getAtomicRadius()=0.74, getElectronegativity()=1.5, getFirstIonization()=1.65, getPotential()=9.3942, getDensity()=7.134, getMeltingPoint()=692.88, getBoilingPoint()=1180, getIsotopes()=15, getDiscoverer()=Prehistoric, getYearOfDiscovery()=, getSpecificHeatCapacity()=0.388, getElectronConfiguration()=[Ar] 3d10 4s2, getDisplayRow()=4, getDisplayColumn()=12, getClass()=class main.java.PeriodicElement, toString()=main.java.PeriodicElement@8dcdf4fb]
2527 [main] DEBUG main.java.Provider  - Adding:PeriodicElement [AtomicNumber=31, ElementSymbol=Gallium, AtomicWeight=Ga, Period=69.723, Group=4, Phase=13, MostStableCrystal=solid, Type=orth, IonicRadius=Metal, AtomicRadius=0.62, Electronegativity=1.8, FirstIonization=1.81, Potential=5.9993, Density=5.907, MeltingPoint=302.91, BoilingPoint=2477, Isotopes=14, Discoverer=de Boisbaudran, YearOfDiscovery=1875, SpecificHeatCapacity=0.371, ElectronConfiguration=[Ar] 3d10 4s2 4p1, DisplayRow=4, DisplayColumn=13, hashCode()=1331480475, getAtomicNumber()=31, getElementSymbol()=Gallium, getAtomicWeight()=Ga, getPeriod()=69.723, getGroup()=4, getPhase()=13, getMostStableCrystal()=solid, getType()=orth, getIonicRadius()=Metal, getAtomicRadius()=0.62, getElectronegativity()=1.8, getFirstIonization()=1.81, getPotential()=5.9993, getDensity()=5.907, getMeltingPoint()=302.91, getBoilingPoint()=2477, getIsotopes()=14, getDiscoverer()=de Boisbaudran, getYearOfDiscovery()=1875, getSpecificHeatCapacity()=0.371, getElectronConfiguration()=[Ar] 3d10 4s2 4p1, getDisplayRow()=4, getDisplayColumn()=13, getClass()=class main.java.PeriodicElement, toString()=main.java.PeriodicElement@4f5cc79b]
2527 [main] DEBUG main.java.Provider  - Adding:PeriodicElement [AtomicNumber=32, ElementSymbol=Germanium, AtomicWeight=Ge, Period=72.64, Group=4, Phase=14, MostStableCrystal=solid, Type=fcc, IonicRadius=Metalloid, AtomicRadius=0.53, Electronegativity=1.5, FirstIonization=2.01, Potential=7.8994, Density=5.323, MeltingPoint=1211.45, BoilingPoint=3106, Isotopes=17, Discoverer=Winkler, YearOfDiscovery=1886, SpecificHeatCapacity=0.32, ElectronConfiguration=[Ar] 3d10 4s2 4p2, DisplayRow=4, DisplayColumn=14, hashCode()=1517332791, getAtomicNumber()=32, getElementSymbol()=Germanium, getAtomicWeight()=Ge, getPeriod()=72.64, getGroup()=4, getPhase()=14, getMostStableCrystal()=solid, getType()=fcc, getIonicRadius()=Metalloid, getAtomicRadius()=0.53, getElectronegativity()=1.5, getFirstIonization()=2.01, getPotential()=7.8994, getDensity()=5.323, getMeltingPoint()=1211.45, getBoilingPoint()=3106, getIsotopes()=17, getDiscoverer()=Winkler, getYearOfDiscovery()=1886, getSpecificHeatCapacity()=0.32, getElectronConfiguration()=[Ar] 3d10 4s2 4p2, getDisplayRow()=4, getDisplayColumn()=14, getClass()=class main.java.PeriodicElement, toString()=main.java.PeriodicElement@5a70a937]
2527 [main] DEBUG main.java.Provider  - Adding:PeriodicElement [AtomicNumber=33, ElementSymbol=Arsenic, AtomicWeight=As, Period=74.9216, Group=4, Phase=15, MostStableCrystal=solid, Type=rho, IonicRadius=Metalloid, AtomicRadius=0.58, Electronegativity=1.3, FirstIonization=2.18, Potential=9.7886, Density=5.776, MeltingPoint=1090.15, BoilingPoint=887, Isotopes=14, Discoverer=Albertus Magnus, YearOfDiscovery=1250, SpecificHeatCapacity=0.329, ElectronConfiguration=[Ar] 3d10 4s2 4p3, DisplayRow=4, DisplayColumn=15, hashCode()=180106129, getAtomicNumber()=33, getElementSymbol()=Arsenic, getAtomicWeight()=As, getPeriod()=74.9216, getGroup()=4, getPhase()=15, getMostStableCrystal()=solid, getType()=rho, getIonicRadius()=Metalloid, getAtomicRadius()=0.58, getElectronegativity()=1.3, getFirstIonization()=2.18, getPotential()=9.7886, getDensity()=5.776, getMeltingPoint()=1090.15, getBoilingPoint()=887, getIsotopes()=14, getDiscoverer()=Albertus Magnus, getYearOfDiscovery()=1250, getSpecificHeatCapacity()=0.329, getElectronConfiguration()=[Ar] 3d10 4s2 4p3, getDisplayRow()=4, getDisplayColumn()=15, getClass()=class main.java.PeriodicElement, toString()=main.java.PeriodicElement@abc3391]
2528 [main] DEBUG main.java.Provider  - Adding:PeriodicElement [AtomicNumber=34, ElementSymbol=Selenium, AtomicWeight=Se, Period=78.96, Group=4, Phase=16, MostStableCrystal=solid, Type=hex, IonicRadius=Nonmetal, AtomicRadius=0.5, Electronegativity=1.2, FirstIonization=2.55, Potential=9.7524, Density=4.809, MeltingPoint=494.15, BoilingPoint=958, Isotopes=20, Discoverer=Berzelius, YearOfDiscovery=1817, SpecificHeatCapacity=0.321, ElectronConfiguration=[Ar] 3d10 4s2 4p4, DisplayRow=4, DisplayColumn=16, hashCode()=-88323227, getAtomicNumber()=34, getElementSymbol()=Selenium, getAtomicWeight()=Se, getPeriod()=78.96, getGroup()=4, getPhase()=16, getMostStableCrystal()=solid, getType()=hex, getIonicRadius()=Nonmetal, getAtomicRadius()=0.5, getElectronegativity()=1.2, getFirstIonization()=2.55, getPotential()=9.7524, getDensity()=4.809, getMeltingPoint()=494.15, getBoilingPoint()=958, getIsotopes()=20, getDiscoverer()=Berzelius, getYearOfDiscovery()=1817, getSpecificHeatCapacity()=0.321, getElectronConfiguration()=[Ar] 3d10 4s2 4p4, getDisplayRow()=4, getDisplayColumn()=16, getClass()=class main.java.PeriodicElement, toString()=main.java.PeriodicElement@fabc4b65]
2528 [main] DEBUG main.java.Provider  - Adding:PeriodicElement [AtomicNumber=35, ElementSymbol=Bromine, AtomicWeight=Br, Period=79.904, Group=4, Phase=17, MostStableCrystal=liq, Type=, IonicRadius=Halogen, AtomicRadius=2, Electronegativity=1.1, FirstIonization=2.96, Potential=11.8138, Density=3.122, MeltingPoint=266.05, BoilingPoint=332, Isotopes=19, Discoverer=Balard, YearOfDiscovery=1826, SpecificHeatCapacity=0.474, ElectronConfiguration=[Ar] 3d10 4s2 4p5, DisplayRow=4, DisplayColumn=17, hashCode()=1944083457, getAtomicNumber()=35, getElementSymbol()=Bromine, getAtomicWeight()=Br, getPeriod()=79.904, getGroup()=4, getPhase()=17, getMostStableCrystal()=liq, getType()=, getIonicRadius()=Halogen, getAtomicRadius()=2, getElectronegativity()=1.1, getFirstIonization()=2.96, getPotential()=11.8138, getDensity()=3.122, getMeltingPoint()=266.05, getBoilingPoint()=332, getIsotopes()=19, getDiscoverer()=Balard, getYearOfDiscovery()=1826, getSpecificHeatCapacity()=0.474, getElectronConfiguration()=[Ar] 3d10 4s2 4p5, getDisplayRow()=4, getDisplayColumn()=17, getClass()=class main.java.PeriodicElement, toString()=main.java.PeriodicElement@73e05c01]
2528 [main] DEBUG main.java.Provider  - Adding:PeriodicElement [AtomicNumber=36, ElementSymbol=Krypton, AtomicWeight=Kr, Period=83.798, Group=4, Phase=18, MostStableCrystal=gas, Type=, IonicRadius=Noble Gas, AtomicRadius=, Electronegativity=1, FirstIonization=, Potential=13.9996, Density=0.003733, MeltingPoint=115.93, BoilingPoint=119.93, Isotopes=23, Discoverer=Ramsay and Travers, YearOfDiscovery=1898, SpecificHeatCapacity=0.248, ElectronConfiguration=[Ar] 3d10 4s2 4p6, DisplayRow=4, DisplayColumn=18, hashCode()=1597634665, getAtomicNumber()=36, getElementSymbol()=Krypton, getAtomicWeight()=Kr, getPeriod()=83.798, getGroup()=4, getPhase()=18, getMostStableCrystal()=gas, getType()=, getIonicRadius()=Noble Gas, getAtomicRadius()=, getElectronegativity()=1, getFirstIonization()=, getPotential()=13.9996, getDensity()=0.003733, getMeltingPoint()=115.93, getBoilingPoint()=119.93, getIsotopes()=23, getDiscoverer()=Ramsay and Travers, getYearOfDiscovery()=1898, getSpecificHeatCapacity()=0.248, getElectronConfiguration()=[Ar] 3d10 4s2 4p6, getDisplayRow()=4, getDisplayColumn()=18, getClass()=class main.java.PeriodicElement, toString()=main.java.PeriodicElement@5f39f869]
[...]
2582 [main] INFO main.java.Provider  - PeriodicElement [AtomicNumber=105, ElementSymbol=Dubnium, AtomicWeight=Db, Period=262, Group=7, Phase=5, MostStableCrystal=artificial, Type=, IonicRadius=Transactinide, AtomicRadius=, Electronegativity=, FirstIonization=, Potential=, Density=39, MeltingPoint=, BoilingPoint=, Isotopes=, Discoverer=Ghiorso et al., YearOfDiscovery=1970, SpecificHeatCapacity=, ElectronConfiguration=, DisplayRow=7, DisplayColumn=5, hashCode()=-932006002, getAtomicNumber()=105, getElementSymbol()=Dubnium, getAtomicWeight()=Db, getPeriod()=262, getGroup()=7, getPhase()=5, getMostStableCrystal()=artificial, getType()=, getIonicRadius()=Transactinide, getAtomicRadius()=, getElectronegativity()=, getFirstIonization()=, getPotential()=, getDensity()=39, getMeltingPoint()=, getBoilingPoint()=, getIsotopes()=, getDiscoverer()=Ghiorso et al., getYearOfDiscovery()=1970, getSpecificHeatCapacity()=, getElectronConfiguration()=, getDisplayRow()=7, getDisplayColumn()=5, getClass()=class main.java.PeriodicElement, toString()=main.java.PeriodicElement@c872b78e]
2583 [main] INFO main.java.Provider  - PeriodicElement [AtomicNumber=106, ElementSymbol=Seaborgium, AtomicWeight=Sg, Period=266, Group=7, Phase=6, MostStableCrystal=artificial, Type=, IonicRadius=Transactinide, AtomicRadius=, Electronegativity=, FirstIonization=, Potential=, Density=35, MeltingPoint=, BoilingPoint=, Isotopes=, Discoverer=Ghiorso et al., YearOfDiscovery=1974, SpecificHeatCapacity=, ElectronConfiguration=, DisplayRow=7, DisplayColumn=6, hashCode()=210529007, getAtomicNumber()=106, getElementSymbol()=Seaborgium, getAtomicWeight()=Sg, getPeriod()=266, getGroup()=7, getPhase()=6, getMostStableCrystal()=artificial, getType()=, getIonicRadius()=Transactinide, getAtomicRadius()=, getElectronegativity()=, getFirstIonization()=, getPotential()=, getDensity()=35, getMeltingPoint()=, getBoilingPoint()=, getIsotopes()=, getDiscoverer()=Ghiorso et al., getYearOfDiscovery()=1974, getSpecificHeatCapacity()=, getElectronConfiguration()=, getDisplayRow()=7, getDisplayColumn()=6, getClass()=class main.java.PeriodicElement, toString()=main.java.PeriodicElement@c8c6aef]
2583 [main] INFO main.java.Provider  - PeriodicElement [AtomicNumber=107, ElementSymbol=Bohrium, AtomicWeight=Bh, Period=264, Group=7, Phase=7, MostStableCrystal=artificial, Type=, IonicRadius=Transactinide, AtomicRadius=, Electronegativity=, FirstIonization=, Potential=, Density=37, MeltingPoint=, BoilingPoint=, Isotopes=, Discoverer=Armbruster and MŸnzenberg, YearOfDiscovery=1981, SpecificHeatCapacity=, ElectronConfiguration=, DisplayRow=7, DisplayColumn=7, hashCode()=-1251213665, getAtomicNumber()=107, getElementSymbol()=Bohrium, getAtomicWeight()=Bh, getPeriod()=264, getGroup()=7, getPhase()=7, getMostStableCrystal()=artificial, getType()=, getIonicRadius()=Transactinide, getAtomicRadius()=, getElectronegativity()=, getFirstIonization()=, getPotential()=, getDensity()=37, getMeltingPoint()=, getBoilingPoint()=, getIsotopes()=, getDiscoverer()=Armbruster and MŸnzenberg, getYearOfDiscovery()=1981, getSpecificHeatCapacity()=, getElectronConfiguration()=, getDisplayRow()=7, getDisplayColumn()=7, getClass()=class main.java.PeriodicElement, toString()=main.java.PeriodicElement@b56bfe9f]
2583 [main] INFO main.java.Provider  - PeriodicElement [AtomicNumber=108, ElementSymbol=Hassium, AtomicWeight=Hs, Period=267, Group=7, Phase=8, MostStableCrystal=artificial, Type=, IonicRadius=Transactinide, AtomicRadius=, Electronegativity=, FirstIonization=, Potential=, Density=41, MeltingPoint=, BoilingPoint=, Isotopes=, Discoverer=Armbruster and MŸnzenberg, YearOfDiscovery=1983, SpecificHeatCapacity=, ElectronConfiguration=, DisplayRow=7, DisplayColumn=8, hashCode()=-2018581475, getAtomicNumber()=108, getElementSymbol()=Hassium, getAtomicWeight()=Hs, getPeriod()=267, getGroup()=7, getPhase()=8, getMostStableCrystal()=artificial, getType()=, getIonicRadius()=Transactinide, getAtomicRadius()=, getElectronegativity()=, getFirstIonization()=, getPotential()=, getDensity()=41, getMeltingPoint()=, getBoilingPoint()=, getIsotopes()=, getDiscoverer()=Armbruster and MŸnzenberg, getYearOfDiscovery()=1983, getSpecificHeatCapacity()=, getElectronConfiguration()=, getDisplayRow()=7, getDisplayColumn()=8, getClass()=class main.java.PeriodicElement, toString()=main.java.PeriodicElement@87aee41d]
2583 [main] INFO main.java.Provider  - PeriodicElement [AtomicNumber=109, ElementSymbol=Meitnerium, AtomicWeight=Mt, Period=268, Group=7, Phase=9, MostStableCrystal=artificial, Type=, IonicRadius=Transactinide, AtomicRadius=, Electronegativity=, FirstIonization=, Potential=, Density=35, MeltingPoint=, BoilingPoint=, Isotopes=, Discoverer=&quot;GSI  Darmstadt  West Germany&quot; , YearOfDiscovery=1982, SpecificHeatCapacity=, ElectronConfiguration=, DisplayRow=7, DisplayColumn=9, hashCode()=1511823821, getAtomicNumber()=109, getElementSymbol()=Meitnerium, getAtomicWeight()=Mt, getPeriod()=268, getGroup()=7, getPhase()=9, getMostStableCrystal()=artificial, getType()=, getIonicRadius()=Transactinide, getAtomicRadius()=, getElectronegativity()=, getFirstIonization()=, getPotential()=, getDensity()=35, getMeltingPoint()=, getBoilingPoint()=, getIsotopes()=, getDiscoverer()=&quot;GSI  Darmstadt  West Germany&quot; , getYearOfDiscovery()=1982, getSpecificHeatCapacity()=, getElectronConfiguration()=, getDisplayRow()=7, getDisplayColumn()=9, getClass()=class main.java.PeriodicElement, toString()=main.java.PeriodicElement@5a1c99cd]
2583 [main] INFO main.java.Provider  - PeriodicElement [AtomicNumber=110, ElementSymbol=Darmstadtium , AtomicWeight=Ds , Period=271, Group=7, Phase=10, MostStableCrystal=artificial, Type=, IonicRadius=Transactinide, AtomicRadius=, Electronegativity=, FirstIonization=, Potential=, Density=, MeltingPoint=, BoilingPoint=, Isotopes=, Discoverer=, YearOfDiscovery=, SpecificHeatCapacity=, ElectronConfiguration=, DisplayRow=7, DisplayColumn=10, hashCode()=1327393640, getAtomicNumber()=110, getElementSymbol()=Darmstadtium , getAtomicWeight()=Ds , getPeriod()=271, getGroup()=7, getPhase()=10, getMostStableCrystal()=artificial, getType()=, getIonicRadius()=Transactinide, getAtomicRadius()=, getElectronegativity()=, getFirstIonization()=, getPotential()=, getDensity()=, getMeltingPoint()=, getBoilingPoint()=, getIsotopes()=, getDiscoverer()=, getYearOfDiscovery()=, getSpecificHeatCapacity()=, getElectronConfiguration()=, getDisplayRow()=7, getDisplayColumn()=10, getClass()=class main.java.PeriodicElement, toString()=main.java.PeriodicElement@4f1e6b68]
2583 [main] INFO main.java.Provider  - PeriodicElement [AtomicNumber=111, ElementSymbol=Roentgenium , AtomicWeight=Rg , Period=272, Group=7, Phase=11, MostStableCrystal=artificial, Type=, IonicRadius=Transactinide, AtomicRadius=, Electronegativity=, FirstIonization=, Potential=, Density=, MeltingPoint=, BoilingPoint=, Isotopes=, Discoverer=, YearOfDiscovery=, SpecificHeatCapacity=, ElectronConfiguration=, DisplayRow=7, DisplayColumn=11, hashCode()=739782126, getAtomicNumber()=111, getElementSymbol()=Roentgenium , getAtomicWeight()=Rg , getPeriod()=272, getGroup()=7, getPhase()=11, getMostStableCrystal()=artificial, getType()=, getIonicRadius()=Transactinide, getAtomicRadius()=, getElectronegativity()=, getFirstIonization()=, getPotential()=, getDensity()=, getMeltingPoint()=, getBoilingPoint()=, getIsotopes()=, getDiscoverer()=, getYearOfDiscovery()=, getSpecificHeatCapacity()=, getElectronConfiguration()=, getDisplayRow()=7, getDisplayColumn()=11, getClass()=class main.java.PeriodicElement, toString()=main.java.PeriodicElement@2c182dee]
2583 [main] INFO main.java.Provider  - PeriodicElement [AtomicNumber=112, ElementSymbol=Copernicium , AtomicWeight=Cn , Period=285, Group=7, Phase=12, MostStableCrystal=artificial, Type=, IonicRadius=Transactinide, AtomicRadius=, Electronegativity=, FirstIonization=, Potential=, Density=, MeltingPoint=, BoilingPoint=, Isotopes=, Discoverer=, YearOfDiscovery=, SpecificHeatCapacity=, ElectronConfiguration=, DisplayRow=7, DisplayColumn=12, hashCode()=1399694222, getAtomicNumber()=112, getElementSymbol()=Copernicium , getAtomicWeight()=Cn , getPeriod()=285, getGroup()=7, getPhase()=12, getMostStableCrystal()=artificial, getType()=, getIonicRadius()=Transactinide, getAtomicRadius()=, getElectronegativity()=, getFirstIonization()=, getPotential()=, getDensity()=, getMeltingPoint()=, getBoilingPoint()=, getIsotopes()=, getDiscoverer()=, getYearOfDiscovery()=, getSpecificHeatCapacity()=, getElectronConfiguration()=, getDisplayRow()=7, getDisplayColumn()=12, getClass()=class main.java.PeriodicElement, toString()=main.java.PeriodicElement@536da38e]
2583 [main] INFO main.java.Provider  - PeriodicElement [AtomicNumber=113, ElementSymbol=Ununtrium , AtomicWeight=Uut , Period=284, Group=7, Phase=13, MostStableCrystal=artificial, Type=, IonicRadius=, AtomicRadius=, Electronegativity=, FirstIonization=, Potential=, Density=, MeltingPoint=, BoilingPoint=, Isotopes=, Discoverer=, YearOfDiscovery=, SpecificHeatCapacity=, ElectronConfiguration=, DisplayRow=7, DisplayColumn=13, hashCode()=-1144964579, getAtomicNumber()=113, getElementSymbol()=Ununtrium , getAtomicWeight()=Uut , getPeriod()=284, getGroup()=7, getPhase()=13, getMostStableCrystal()=artificial, getType()=, getIonicRadius()=, getAtomicRadius()=, getElectronegativity()=, getFirstIonization()=, getPotential()=, getDensity()=, getMeltingPoint()=, getBoilingPoint()=, getIsotopes()=, getDiscoverer()=, getYearOfDiscovery()=, getSpecificHeatCapacity()=, getElectronConfiguration()=, getDisplayRow()=7, getDisplayColumn()=13, getClass()=class main.java.PeriodicElement, toString()=main.java.PeriodicElement@bbc13a1d]
2583 [main] INFO main.java.Provider  - PeriodicElement [AtomicNumber=114, ElementSymbol=Ununquadium , AtomicWeight=Uuq , Period=289, Group=7, Phase=14, MostStableCrystal=artificial, Type=, IonicRadius=Transactinide, AtomicRadius=, Electronegativity=, FirstIonization=, Potential=, Density=, MeltingPoint=, BoilingPoint=, Isotopes=, Discoverer=, YearOfDiscovery=, SpecificHeatCapacity=, ElectronConfiguration=, DisplayRow=7, DisplayColumn=14, hashCode()=-1310519764, getAtomicNumber()=114, getElementSymbol()=Ununquadium , getAtomicWeight()=Uuq , getPeriod()=289, getGroup()=7, getPhase()=14, getMostStableCrystal()=artificial, getType()=, getIonicRadius()=Transactinide, getAtomicRadius()=, getElectronegativity()=, getFirstIonization()=, getPotential()=, getDensity()=, getMeltingPoint()=, getBoilingPoint()=, getIsotopes()=, getDiscoverer()=, getYearOfDiscovery()=, getSpecificHeatCapacity()=, getElectronConfiguration()=, getDisplayRow()=7, getDisplayColumn()=14, getClass()=class main.java.PeriodicElement, toString()=main.java.PeriodicElement@b1e30e2c]
2583 [main] INFO main.java.Provider  - PeriodicElement [AtomicNumber=115, ElementSymbol=Ununpentium , AtomicWeight=Uup , Period=288, Group=7, Phase=15, MostStableCrystal=artificial, Type=, IonicRadius=, AtomicRadius=, Electronegativity=, FirstIonization=, Potential=, Density=, MeltingPoint=, BoilingPoint=, Isotopes=, Discoverer=, YearOfDiscovery=, SpecificHeatCapacity=, ElectronConfiguration=, DisplayRow=7, DisplayColumn=15, hashCode()=-2120336096, getAtomicNumber()=115, getElementSymbol()=Ununpentium , getAtomicWeight()=Uup , getPeriod()=288, getGroup()=7, getPhase()=15, getMostStableCrystal()=artificial, getType()=, getIonicRadius()=, getAtomicRadius()=, getElectronegativity()=, getFirstIonization()=, getPotential()=, getDensity()=, getMeltingPoint()=, getBoilingPoint()=, getIsotopes()=, getDiscoverer()=, getYearOfDiscovery()=, getSpecificHeatCapacity()=, getElectronConfiguration()=, getDisplayRow()=7, getDisplayColumn()=15, getClass()=class main.java.PeriodicElement, toString()=main.java.PeriodicElement@819e3d20]
2583 [main] INFO main.java.Provider  - PeriodicElement [AtomicNumber=116, ElementSymbol=Ununhexium , AtomicWeight=Uuh , Period=292, Group=7, Phase=16, MostStableCrystal=artificial, Type=, IonicRadius=Transactinide, AtomicRadius=, Electronegativity=, FirstIonization=, Potential=, Density=, MeltingPoint=, BoilingPoint=, Isotopes=, Discoverer=, YearOfDiscovery=, SpecificHeatCapacity=, ElectronConfiguration=, DisplayRow=7, DisplayColumn=16, hashCode()=1277265523, getAtomicNumber()=116, getElementSymbol()=Ununhexium , getAtomicWeight()=Uuh , getPeriod()=292, getGroup()=7, getPhase()=16, getMostStableCrystal()=artificial, getType()=, getIonicRadius()=Transactinide, getAtomicRadius()=, getElectronegativity()=, getFirstIonization()=, getPotential()=, getDensity()=, getMeltingPoint()=, getBoilingPoint()=, getIsotopes()=, getDiscoverer()=, getYearOfDiscovery()=, getSpecificHeatCapacity()=, getElectronConfiguration()=, getDisplayRow()=7, getDisplayColumn()=16, getClass()=class main.java.PeriodicElement, toString()=main.java.PeriodicElement@4c218673]
2584 [main] INFO main.java.Provider  - PeriodicElement [AtomicNumber=117, ElementSymbol=Ununseptium , AtomicWeight=Uus , Period=295, Group=7, Phase=17, MostStableCrystal=artificial, Type=, IonicRadius=, AtomicRadius=, Electronegativity=, FirstIonization=, Potential=, Density=, MeltingPoint=, BoilingPoint=, Isotopes=, Discoverer=, YearOfDiscovery=, SpecificHeatCapacity=, ElectronConfiguration=, DisplayRow=7, DisplayColumn=17, hashCode()=-1160543422, getAtomicNumber()=117, getElementSymbol()=Ununseptium , getAtomicWeight()=Uus , getPeriod()=295, getGroup()=7, getPhase()=17, getMostStableCrystal()=artificial, getType()=, getIonicRadius()=, getAtomicRadius()=, getElectronegativity()=, getFirstIonization()=, getPotential()=, getDensity()=, getMeltingPoint()=, getBoilingPoint()=, getIsotopes()=, getDiscoverer()=, getYearOfDiscovery()=, getSpecificHeatCapacity()=, getElectronConfiguration()=, getDisplayRow()=7, getDisplayColumn()=17, getClass()=class main.java.PeriodicElement, toString()=main.java.PeriodicElement@bad38342]
2584 [main] INFO main.java.Provider  - PeriodicElement [AtomicNumber=118, ElementSymbol=Ununoctium , AtomicWeight=Uuo , Period=294, Group=7, Phase=18, MostStableCrystal=artificial, Type=, IonicRadius=Noble Gas, AtomicRadius=, Electronegativity=, FirstIonization=, Potential=, Density=, MeltingPoint=, BoilingPoint=, Isotopes=, Discoverer=, YearOfDiscovery=, SpecificHeatCapacity=, ElectronConfiguration=, DisplayRow=7, DisplayColumn=18, hashCode()=-679519811, getAtomicNumber()=118, getElementSymbol()=Ununoctium , getAtomicWeight()=Uuo , getPeriod()=294, getGroup()=7, getPhase()=18, getMostStableCrystal()=artificial, getType()=, getIonicRadius()=Noble Gas, getAtomicRadius()=, getElectronegativity()=, getFirstIonization()=, getPotential()=, getDensity()=, getMeltingPoint()=, getBoilingPoint()=, getIsotopes()=, getDiscoverer()=, getYearOfDiscovery()=, getSpecificHeatCapacity()=, getElectronConfiguration()=, getDisplayRow()=7, getDisplayColumn()=18, getClass()=class main.java.PeriodicElement, toString()=main.java.PeriodicElement@d77f59bd]
</system-out>
  </testcase>
  <testcase classname="test.java.TestLogPeriodicTableFunction" name="testPos_2" time="0.012">
    <failure message="Expected exception: java.lang.NullPointerException" type="java.lang.AssertionError">java.lang.AssertionError: Expected exception: java.lang.NullPointerException
	at org.junit.internal.runners.statements.ExpectException.evaluate(ExpectException.java:32)
	at org.junit.runners.ParentRunner.runLeaf(ParentRunner.java:325)
	at org.junit.runners.BlockJUnit4ClassRunner.runChild(BlockJUnit4ClassRunner.java:78)
	at org.junit.runners.BlockJUnit4ClassRunner.runChild(BlockJUnit4ClassRunner.java:57)
	at org.junit.runners.ParentRunner$3.run(ParentRunner.java:290)
	at org.junit.runners.ParentRunner$1.schedule(ParentRunner.java:71)
	at org.junit.runners.ParentRunner.runChildren(ParentRunner.java:288)
	at org.junit.runners.ParentRunner.access$000(ParentRunner.java:58)
	at org.junit.runners.ParentRunner$2.evaluate(ParentRunner.java:268)
	at org.junit.runners.ParentRunner.run(ParentRunner.java:363)
	at org.apache.maven.surefire.junit4.JUnit4Provider.execute(JUnit4Provider.java:252)
	at org.apache.maven.surefire.junit4.JUnit4Provider.executeTestSet(JUnit4Provider.java:141)
	at org.apache.maven.surefire.junit4.JUnit4Provider.invoke(JUnit4Provider.java:112)
	at sun.reflect.NativeMethodAccessorImpl.invoke0(Native Method)
	at sun.reflect.NativeMethodAccessorImpl.invoke(NativeMethodAccessorImpl.java:62)
	at sun.reflect.DelegatingMethodAccessorImpl.invoke(DelegatingMethodAccessorImpl.java:43)
	at java.lang.reflect.Method.invoke(Method.java:498)
	at org.apache.maven.surefire.util.ReflectionUtils.invokeMethodWithArray(ReflectionUtils.java:189)
	at org.apache.maven.surefire.booter.ProviderFactory$ProviderProxy.invoke(ProviderFactory.java:165)
	at org.apache.maven.surefire.booter.ProviderFactory.invokeProvider(ProviderFactory.java:85)
	at org.apache.maven.surefire.booter.ForkedBooter.runSuitesInProcess(ForkedBooter.java:115)
	at org.apache.maven.surefire.booter.ForkedBooter.main(ForkedBooter.java:75)
</failure>
    <system-out>2596 [main] DEBUG main.java.Provider  - &quot;Gahn  Scheele&quot; |
2598 [main] DEBUG main.java.Provider  - &quot;Noddack  Berg  and Tacke&quot; |
2600 [main] DEBUG main.java.Provider  - &quot;GSI  Darmstadt  West Germany&quot; |
</system-out>
    <system-err>java.lang.NullPointerException
	at main.java.Provider.createPeriodicElementFactory(Provider.java:99)
	at main.java.Provider.logPeriodicTable(Provider.java:181)
	at test.java.TestLogPeriodicTableFunction.testPos_2(TestLogPeriodicTableFunction.java:33)
	at sun.reflect.NativeMethodAccessorImpl.invoke0(Native Method)
	at sun.reflect.NativeMethodAccessorImpl.invoke(NativeMethodAccessorImpl.java:62)
	at sun.reflect.DelegatingMethodAccessorImpl.invoke(DelegatingMethodAccessorImpl.java:43)
	at java.lang.reflect.Method.invoke(Method.java:498)
	at org.junit.runners.model.FrameworkMethod$1.runReflectiveCall(FrameworkMethod.java:50)
	at org.junit.internal.runners.model.ReflectiveCallable.run(ReflectiveCallable.java:12)
	at org.junit.runners.model.FrameworkMethod.invokeExplosively(FrameworkMethod.java:47)
	at org.junit.internal.runners.statements.InvokeMethod.evaluate(InvokeMethod.java:17)
	at org.junit.internal.runners.statements.ExpectException.evaluate(ExpectException.java:19)
	at org.junit.runners.ParentRunner.runLeaf(ParentRunner.java:325)
	at org.junit.runners.BlockJUnit4ClassRunner.runChild(BlockJUnit4ClassRunner.java:78)
	at org.junit.runners.BlockJUnit4ClassRunner.runChild(BlockJUnit4ClassRunner.java:57)
	at org.junit.runners.ParentRunner$3.run(ParentRunner.java:290)
	at org.junit.runners.ParentRunner$1.schedule(ParentRunner.java:71)
	at org.junit.runners.ParentRunner.runChildren(ParentRunner.java:288)
	at org.junit.runners.ParentRunner.access$000(ParentRunner.java:58)
	at org.junit.runners.ParentRunner$2.evaluate(ParentRunner.java:268)
	at org.junit.runners.ParentRunner.run(ParentRunner.java:363)
	at org.apache.maven.surefire.junit4.JUnit4Provider.execute(JUnit4Provider.java:252)
	at org.apache.maven.surefire.junit4.JUnit4Provider.executeTestSet(JUnit4Provider.java:141)
	at org.apache.maven.surefire.junit4.JUnit4Provider.invoke(JUnit4Provider.java:112)
	at sun.reflect.NativeMethodAccessorImpl.invoke0(Native Method)
	at sun.reflect.NativeMethodAccessorImpl.invoke(NativeMethodAccessorImpl.java:62)
	at sun.reflect.DelegatingMethodAccessorImpl.invoke(DelegatingMethodAccessorImpl.java:43)
	at java.lang.reflect.Method.invoke(Method.java:498)
	at org.apache.maven.surefire.util.ReflectionUtils.invokeMethodWithArray(ReflectionUtils.java:189)
	at org.apache.maven.surefire.booter.ProviderFactory$ProviderProxy.invoke(ProviderFactory.java:165)
	at org.apache.maven.surefire.booter.ProviderFactory.invokeProvider(ProviderFactory.java:85)
	at org.apache.maven.surefire.booter.ForkedBooter.runSuitesInProcess(ForkedBooter.java:115)
	at org.apache.maven.surefire.booter.ForkedBooter.main(ForkedBooter.java:75)
</system-err>
  </testcase>
</testsuite>